
PLAY [Manage SCDRM] ************************************************************

TASK [get_kernel : Get kernel version] *****************************************
[0;32mok: [debian10][0m
[0;32mok: [debian11][0m
[0;32mok: [rhel7][0m
[0;32mok: [rhel8][0m
[0;32mok: [rhel9][0m
[0;32mok: [ubuntu2210][0m
[0;32mok: [ubuntu2204][0m

TASK [get_kernel : Get distribution] *******************************************
[0;32mok: [debian10][0m
[0;32mok: [debian11][0m
[0;32mok: [rhel7][0m
[0;32mok: [rhel8][0m
[0;32mok: [rhel9][0m
[0;32mok: [ubuntu2204][0m
[0;32mok: [ubuntu2210][0m

TASK [skip_host : Skip host due to critical task failure] **********************
[0;36mskipping: [rhel7][0m

TASK [skip_host : Skip host due to critical task failure] **********************
[0;36mskipping: [rhel8][0m

TASK [skip_host : Skip host due to critical task failure] **********************
[0;36mskipping: [rhel9][0m

TASK [skip_host : Skip host due to critical task failure] **********************
[0;36mskipping: [debian10][0m

TASK [skip_host : Skip host due to critical task failure] **********************
[0;36mskipping: [debian11][0m

TASK [skip_host : Skip host due to critical task failure] **********************
[0;36mskipping: [ubuntu2204][0m

TASK [skip_host : Skip host due to critical task failure] **********************
[0;36mskipping: [ubuntu2210][0m

TASK [switch_dryrun : Prepare for update] **************************************
[0;33mchanged: [debian10][0m
[0;33mchanged: [debian11][0m
[0;33mchanged: [rhel7][0m
[0;33mchanged: [rhel8][0m
[0;33mchanged: [ubuntu2204][0m
[0;33mchanged: [rhel9][0m
[0;33mchanged: [ubuntu2210][0m

TASK [switch_dryrun : Update config] *******************************************
[0;33mchanged: [debian10][0m
[0;33mchanged: [debian11][0m
[0;33mchanged: [rhel7][0m
[0;33mchanged: [rhel8][0m
[0;33mchanged: [rhel9][0m
[0;33mchanged: [ubuntu2204][0m
[0;33mchanged: [ubuntu2210][0m

TASK [switch_dryrun : Lock config] *********************************************
[0;33mchanged: [debian10][0m
[0;33mchanged: [debian11][0m
[0;33mchanged: [rhel7][0m
[0;33mchanged: [rhel8][0m
[0;33mchanged: [rhel9][0m
[0;33mchanged: [ubuntu2204][0m
[0;33mchanged: [ubuntu2210][0m

PLAY RECAP *********************************************************************
[0;33mdebian10[0m                   : [0;32mok=5   [0m [0;33mchanged=3   [0m unreachable=0    failed=0    skipped=0    rescued=0    ignored=0   
[0;33mdebian11[0m                   : [0;32mok=5   [0m [0;33mchanged=3   [0m unreachable=0    failed=0    skipped=0    rescued=0    ignored=0   
[0;33mrhel7[0m                      : [0;32mok=5   [0m [0;33mchanged=3   [0m unreachable=0    failed=0    skipped=0    rescued=0    ignored=0   
[0;33mrhel8[0m                      : [0;32mok=5   [0m [0;33mchanged=3   [0m unreachable=0    failed=0    skipped=0    rescued=0    ignored=0   
[0;33mrhel9[0m                      : [0;32mok=5   [0m [0;33mchanged=3   [0m unreachable=0    failed=0    skipped=0    rescued=0    ignored=0   
[0;33mubuntu2204[0m                 : [0;32mok=5   [0m [0;33mchanged=3   [0m unreachable=0    failed=0    skipped=0    rescued=0    ignored=0   
[0;33mubuntu2210[0m                 : [0;32mok=5   [0m [0;33mchanged=3   [0m unreachable=0    failed=0    skipped=0    rescued=0    ignored=0   

