
PLAY [Manage SCDRM] ************************************************************

TASK [get_kernel : Get kernel version] *****************************************
[0;32mok: [debian10][0m
[0;32mok: [rhel7][0m
[0;32mok: [debian11][0m
[0;32mok: [rhel8][0m
[0;32mok: [rhel9][0m
[0;32mok: [ubuntu2210][0m
[0;32mok: [ubuntu2204][0m

TASK [get_kernel : Get distribution] *******************************************
[0;32mok: [rhel7][0m
[0;32mok: [debian11][0m
[0;32mok: [debian10][0m
[0;32mok: [rhel8][0m
[0;32mok: [rhel9][0m
[0;32mok: [ubuntu2204][0m
[0;32mok: [ubuntu2210][0m

TASK [skip_host : Skip host due to critical task failure] **********************
[0;36mskipping: [rhel7][0m

TASK [skip_host : Skip host due to critical task failure] **********************
[0;36mskipping: [rhel8][0m

TASK [skip_host : Skip host due to critical task failure] **********************
[0;36mskipping: [rhel9][0m

TASK [skip_host : Skip host due to critical task failure] **********************
[0;36mskipping: [debian10][0m

TASK [skip_host : Skip host due to critical task failure] **********************
[0;36mskipping: [debian11][0m

TASK [skip_host : Skip host due to critical task failure] **********************
[0;36mskipping: [ubuntu2204][0m

TASK [skip_host : Skip host due to critical task failure] **********************
[0;36mskipping: [ubuntu2210][0m

TASK [terminal_logger : Install util-linux] ************************************
[0;36mskipping: [rhel8][0m
[0;36mskipping: [rhel9][0m
[0;36mskipping: [debian10][0m
[0;36mskipping: [debian11][0m
[0;36mskipping: [ubuntu2204][0m
[0;36mskipping: [ubuntu2210][0m
[0;32mok: [rhel7][0m

TASK [terminal_logger : Install tlog] ******************************************
[0;36mskipping: [rhel7][0m
[0;36mskipping: [debian10][0m
[0;36mskipping: [debian11][0m
[0;36mskipping: [ubuntu2204][0m
[0;36mskipping: [ubuntu2210][0m
[0;33mchanged: [rhel9][0m
[0;33mchanged: [rhel8][0m

TASK [terminal_logger : Install bsdutils] **************************************
[0;36mskipping: [rhel7][0m
[0;36mskipping: [rhel8][0m
[0;36mskipping: [rhel9][0m
[0;32mok: [debian10][0m
[0;32mok: [debian11][0m
[0;32mok: [ubuntu2210][0m
[0;32mok: [ubuntu2204][0m

TASK [route_guard : Check network service] *************************************
[0;36mskipping: [debian10][0m
[0;36mskipping: [debian11][0m
[0;36mskipping: [ubuntu2204][0m
[0;36mskipping: [ubuntu2210][0m
[0;32mok: [rhel7][0m
[0;32mok: [rhel8][0m
[0;32mok: [rhel9][0m

TASK [route_guard : Check NetworkManager service] ******************************
[0;36mskipping: [debian10][0m
[0;36mskipping: [debian11][0m
[0;36mskipping: [ubuntu2204][0m
[0;36mskipping: [ubuntu2210][0m
[0;32mok: [rhel7][0m
[0;32mok: [rhel8][0m
[0;32mok: [rhel9][0m

TASK [route_guard : Check networking service] **********************************
[0;36mskipping: [rhel7][0m
[0;36mskipping: [rhel8][0m
[0;36mskipping: [rhel9][0m
[0;36mskipping: [ubuntu2204][0m
[0;36mskipping: [ubuntu2210][0m
[0;32mok: [debian10][0m
[0;32mok: [debian11][0m

TASK [route_guard : Check systemd-networkd.service] ****************************
[0;36mskipping: [rhel7][0m
[0;36mskipping: [rhel8][0m
[0;36mskipping: [rhel9][0m
[0;36mskipping: [debian10][0m
[0;36mskipping: [debian11][0m
[0;32mok: [ubuntu2204][0m
[0;32mok: [ubuntu2210][0m

TASK [route_guard : Set fact] **************************************************
[0;36mskipping: [rhel8][0m
[0;32mok: [rhel7][0m
[0;36mskipping: [rhel9][0m
[0;36mskipping: [debian10][0m
[0;36mskipping: [debian11][0m
[0;36mskipping: [ubuntu2204][0m
[0;36mskipping: [ubuntu2210][0m

TASK [route_guard : Set fact] **************************************************
[0;36mskipping: [debian10][0m
[0;32mok: [rhel7][0m
[0;36mskipping: [debian11][0m
[0;32mok: [rhel8][0m
[0;32mok: [rhel9][0m
[0;36mskipping: [ubuntu2204][0m
[0;36mskipping: [ubuntu2210][0m

TASK [route_guard : Set fact] **************************************************
[0;36mskipping: [rhel7][0m
[0;36mskipping: [rhel8][0m
[0;36mskipping: [rhel9][0m
[0;36mskipping: [ubuntu2204][0m
[0;36mskipping: [ubuntu2210][0m
[0;32mok: [debian10][0m
[0;32mok: [debian11][0m

TASK [route_guard : Set fact] **************************************************
[0;36mskipping: [rhel7][0m
[0;36mskipping: [rhel8][0m
[0;36mskipping: [rhel9][0m
[0;36mskipping: [debian10][0m
[0;36mskipping: [debian11][0m
[0;32mok: [ubuntu2204][0m
[0;32mok: [ubuntu2210][0m

TASK [route_guard : Install route-guard] ***************************************
[0;33mchanged: [debian11][0m
[0;33mchanged: [debian10][0m
[0;33mchanged: [rhel7][0m
[0;33mchanged: [rhel8][0m
[0;33mchanged: [rhel9][0m
[0;33mchanged: [ubuntu2204][0m
[0;33mchanged: [ubuntu2210][0m

TASK [scdrm : Install SCDRM] ***************************************************
[0;36mincluded: /home/klovric/scdrm/roles/scdrm/tasks/install.yml for rhel7, rhel8, rhel9, debian10, debian11, ubuntu2204, ubuntu2210[0m

TASK [scdrm : Create dirs] *****************************************************
[0;33mchanged: [debian10] => (item=/var/log/scdrm)[0m
[0;33mchanged: [debian11] => (item=/var/log/scdrm)[0m
[0;33mchanged: [rhel7] => (item=/var/log/scdrm)[0m
[0;33mchanged: [rhel8] => (item=/var/log/scdrm)[0m
[0;33mchanged: [rhel9] => (item=/var/log/scdrm)[0m
[0;33mchanged: [debian10] => (item=/etc/scdrm)[0m
[0;33mchanged: [debian11] => (item=/etc/scdrm)[0m
[0;33mchanged: [rhel7] => (item=/etc/scdrm)[0m
[0;33mchanged: [debian10] => (item=/scdrm)[0m
[0;33mchanged: [debian11] => (item=/scdrm)[0m
[0;33mchanged: [rhel8] => (item=/etc/scdrm)[0m
[0;33mchanged: [rhel7] => (item=/scdrm)[0m
[0;33mchanged: [rhel9] => (item=/etc/scdrm)[0m
[0;33mchanged: [ubuntu2204] => (item=/var/log/scdrm)[0m
[0;33mchanged: [ubuntu2210] => (item=/var/log/scdrm)[0m
[0;33mchanged: [rhel8] => (item=/scdrm)[0m
[0;33mchanged: [ubuntu2204] => (item=/etc/scdrm)[0m
[0;33mchanged: [ubuntu2210] => (item=/etc/scdrm)[0m
[0;33mchanged: [rhel9] => (item=/scdrm)[0m
[0;33mchanged: [ubuntu2204] => (item=/scdrm)[0m
[0;33mchanged: [ubuntu2210] => (item=/scdrm)[0m

TASK [scdrm : Install dependencies] ********************************************
[0;33mchanged: [rhel7][0m
[0;32mok: [ubuntu2204][0m
[0;33mchanged: [debian10][0m
[0;32mok: [ubuntu2210][0m
[0;33mchanged: [debian11][0m
[0;33mchanged: [rhel9][0m
[0;33mchanged: [rhel8][0m

TASK [scdrm : Check network service] *******************************************
[0;36mskipping: [debian10][0m
[0;36mskipping: [debian11][0m
[0;36mskipping: [ubuntu2204][0m
[0;36mskipping: [ubuntu2210][0m
[0;32mok: [rhel7][0m
[0;32mok: [rhel8][0m
[0;32mok: [rhel9][0m

TASK [scdrm : Check NetworkManager service] ************************************
[0;36mskipping: [debian10][0m
[0;36mskipping: [debian11][0m
[0;36mskipping: [ubuntu2204][0m
[0;36mskipping: [ubuntu2210][0m
[0;32mok: [rhel7][0m
[0;32mok: [rhel8][0m
[0;32mok: [rhel9][0m

TASK [scdrm : Check networking service] ****************************************
[0;36mskipping: [rhel7][0m
[0;36mskipping: [rhel8][0m
[0;36mskipping: [rhel9][0m
[0;36mskipping: [ubuntu2204][0m
[0;36mskipping: [ubuntu2210][0m
[0;32mok: [debian10][0m
[0;32mok: [debian11][0m

TASK [scdrm : Check systemd-networkd.service] **********************************
[0;36mskipping: [rhel7][0m
[0;36mskipping: [rhel8][0m
[0;36mskipping: [rhel9][0m
[0;36mskipping: [debian10][0m
[0;36mskipping: [debian11][0m
[0;32mok: [ubuntu2204][0m
[0;32mok: [ubuntu2210][0m

TASK [scdrm : Set fact] ********************************************************
[0;36mskipping: [rhel8][0m
[0;36mskipping: [rhel9][0m
[0;36mskipping: [debian10][0m
[0;32mok: [rhel7][0m
[0;36mskipping: [debian11][0m
[0;36mskipping: [ubuntu2204][0m
[0;36mskipping: [ubuntu2210][0m

TASK [scdrm : Set fact] ********************************************************
[0;32mok: [rhel7][0m
[0;36mskipping: [debian10][0m
[0;32mok: [rhel8][0m
[0;36mskipping: [debian11][0m
[0;32mok: [rhel9][0m
[0;36mskipping: [ubuntu2204][0m
[0;36mskipping: [ubuntu2210][0m

TASK [scdrm : Set fact] ********************************************************
[0;36mskipping: [rhel7][0m
[0;36mskipping: [rhel8][0m
[0;36mskipping: [rhel9][0m
[0;36mskipping: [ubuntu2204][0m
[0;36mskipping: [ubuntu2210][0m
[0;32mok: [debian10][0m
[0;32mok: [debian11][0m

TASK [scdrm : Set fact] ********************************************************
[0;36mskipping: [rhel7][0m
[0;36mskipping: [rhel8][0m
[0;36mskipping: [rhel9][0m
[0;36mskipping: [debian10][0m
[0;36mskipping: [debian11][0m
[0;32mok: [ubuntu2204][0m
[0;32mok: [ubuntu2210][0m

TASK [scdrm : Copy scdrmd] *****************************************************
[0;33mchanged: [debian10][0m
[0;33mchanged: [debian11][0m
[0;33mchanged: [rhel7][0m
[0;33mchanged: [rhel8][0m
[0;33mchanged: [rhel9][0m
[0;33mchanged: [ubuntu2210][0m
[0;33mchanged: [ubuntu2204][0m

TASK [scdrm : Copy scdrm.conf] *************************************************
[0;33mchanged: [debian10][0m
[0;33mchanged: [debian11][0m
[0;33mchanged: [rhel7][0m
[0;33mchanged: [rhel8][0m
[0;33mchanged: [rhel9][0m
[0;33mchanged: [ubuntu2204][0m
[0;33mchanged: [ubuntu2210][0m

TASK [scdrm : Copy scdrm-paranoid] *********************************************
[0;33mchanged: [debian10][0m
[0;33mchanged: [rhel7][0m
[0;33mchanged: [debian11][0m
[0;33mchanged: [rhel8][0m
[0;33mchanged: [rhel9][0m
[0;33mchanged: [ubuntu2204][0m
[0;33mchanged: [ubuntu2210][0m

TASK [scdrm : Copy gitignore EL] ***********************************************
[0;36mskipping: [debian10] => (item=/etc) [0m
[0;36mskipping: [debian10] => (item=/usr/lib/systemd) [0m
[0;36mskipping: [debian10] => (item=/usr/lib64/security) [0m
[0;36mskipping: [debian11] => (item=/etc) [0m
[0;36mskipping: [debian11] => (item=/usr/lib/systemd) [0m
[0;36mskipping: [debian11] => (item=/usr/lib64/security) [0m
[0;36mskipping: [ubuntu2204] => (item=/etc) [0m
[0;36mskipping: [ubuntu2204] => (item=/usr/lib/systemd) [0m
[0;36mskipping: [ubuntu2204] => (item=/usr/lib64/security) [0m
[0;36mskipping: [ubuntu2210] => (item=/etc) [0m
[0;36mskipping: [ubuntu2210] => (item=/usr/lib/systemd) [0m
[0;36mskipping: [ubuntu2210] => (item=/usr/lib64/security) [0m
[0;33mchanged: [rhel7] => (item=/etc)[0m
[0;33mchanged: [rhel8] => (item=/etc)[0m
[0;33mchanged: [rhel9] => (item=/etc)[0m
[0;33mchanged: [rhel7] => (item=/usr/lib/systemd)[0m
[0;33mchanged: [rhel8] => (item=/usr/lib/systemd)[0m
[0;33mchanged: [rhel7] => (item=/usr/lib64/security)[0m
[0;33mchanged: [rhel9] => (item=/usr/lib/systemd)[0m
[0;33mchanged: [rhel8] => (item=/usr/lib64/security)[0m
[0;33mchanged: [rhel9] => (item=/usr/lib64/security)[0m

TASK [scdrm : Copy gitignore Deb] **********************************************
[0;36mskipping: [rhel7] => (item=/etc) [0m
[0;36mskipping: [rhel7] => (item=/usr/lib/systemd) [0m
[0;36mskipping: [rhel7] => (item=/lib/x86_64-linux-gnu/security) [0m
[0;36mskipping: [rhel8] => (item=/etc) [0m
[0;36mskipping: [rhel8] => (item=/usr/lib/systemd) [0m
[0;36mskipping: [rhel8] => (item=/lib/x86_64-linux-gnu/security) [0m
[0;36mskipping: [rhel9] => (item=/etc) [0m
[0;36mskipping: [rhel9] => (item=/usr/lib/systemd) [0m
[0;36mskipping: [rhel9] => (item=/lib/x86_64-linux-gnu/security) [0m
[0;33mchanged: [debian10] => (item=/etc)[0m
[0;33mchanged: [debian11] => (item=/etc)[0m
[0;33mchanged: [ubuntu2204] => (item=/etc)[0m
[0;33mchanged: [ubuntu2210] => (item=/etc)[0m
[0;33mchanged: [debian10] => (item=/usr/lib/systemd)[0m
[0;33mchanged: [debian11] => (item=/usr/lib/systemd)[0m
[0;33mchanged: [ubuntu2204] => (item=/usr/lib/systemd)[0m
[0;33mchanged: [ubuntu2210] => (item=/usr/lib/systemd)[0m
[0;33mchanged: [debian10] => (item=/lib/x86_64-linux-gnu/security)[0m
[0;33mchanged: [debian11] => (item=/lib/x86_64-linux-gnu/security)[0m
[0;33mchanged: [ubuntu2204] => (item=/lib/x86_64-linux-gnu/security)[0m
[0;33mchanged: [ubuntu2210] => (item=/lib/x86_64-linux-gnu/security)[0m

TASK [scdrm : Copy installer] **************************************************
[0;33mchanged: [debian10][0m
[0;33mchanged: [rhel7][0m
[0;33mchanged: [debian11][0m
[0;33mchanged: [rhel8][0m
[0;33mchanged: [rhel9][0m
[0;33mchanged: [ubuntu2204][0m
[0;33mchanged: [ubuntu2210][0m

TASK [scdrm : Copy cron-check] *************************************************
[0;33mchanged: [debian10][0m
[0;33mchanged: [rhel7][0m
[0;33mchanged: [debian11][0m
[0;33mchanged: [rhel8][0m
[0;33mchanged: [rhel9][0m
[0;33mchanged: [ubuntu2204][0m
[0;33mchanged: [ubuntu2210][0m

TASK [scdrm : Copy fast-check] *************************************************
[0;33mchanged: [debian10][0m
[0;33mchanged: [debian11][0m
[0;33mchanged: [rhel7][0m
[0;33mchanged: [rhel8][0m
[0;33mchanged: [rhel9][0m
[0;33mchanged: [ubuntu2204][0m
[0;33mchanged: [ubuntu2210][0m

TASK [scdrm : Copy GitGC cron] *************************************************
[0;33mchanged: [debian10][0m
[0;33mchanged: [rhel7][0m
[0;33mchanged: [debian11][0m
[0;33mchanged: [rhel8][0m
[0;33mchanged: [rhel9][0m
[0;33mchanged: [ubuntu2204][0m
[0;33mchanged: [ubuntu2210][0m

TASK [scdrm : Copy bash-guard] *************************************************
[0;33mchanged: [debian10][0m
[0;33mchanged: [debian11][0m
[0;33mchanged: [rhel7][0m
[0;33mchanged: [rhel8][0m
[0;33mchanged: [rhel9][0m
[0;33mchanged: [ubuntu2204][0m
[0;33mchanged: [ubuntu2210][0m

TASK [scdrm : Copy scdrm-service-restart] **************************************
[0;33mchanged: [debian10][0m
[0;33mchanged: [debian11][0m
[0;33mchanged: [rhel7][0m
[0;33mchanged: [rhel8][0m
[0;33mchanged: [rhel9][0m
[0;33mchanged: [ubuntu2204][0m
[0;33mchanged: [ubuntu2210][0m

TASK [scdrm : Copy scdrm-commit-hostvars] **************************************
[0;33mchanged: [debian10][0m
[0;33mchanged: [debian11][0m
[0;33mchanged: [rhel7][0m
[0;33mchanged: [rhel8][0m
[0;33mchanged: [rhel9][0m
[0;33mchanged: [ubuntu2210][0m
[0;33mchanged: [ubuntu2204][0m

TASK [scdrm : Setup SCDRM service] *********************************************
[0;33mchanged: [rhel7][0m
[0;33mchanged: [debian10][0m
[0;33mchanged: [debian11][0m
[0;33mchanged: [rhel8][0m
[0;33mchanged: [rhel9][0m
[0;33mchanged: [ubuntu2210][0m
[0;33mchanged: [ubuntu2204][0m

TASK [scdrm : Setup SCDRM slow check timer] ************************************
[0;33mchanged: [debian10][0m
[0;33mchanged: [rhel7][0m
[0;33mchanged: [debian11][0m
[0;33mchanged: [rhel8][0m
[0;33mchanged: [rhel9][0m
[0;33mchanged: [ubuntu2204][0m
[0;33mchanged: [ubuntu2210][0m

TASK [scdrm : Setup SCDRM-slow check service] **********************************
[0;33mchanged: [debian10][0m
[0;33mchanged: [rhel7][0m
[0;33mchanged: [debian11][0m
[0;33mchanged: [rhel8][0m
[0;33mchanged: [rhel9][0m
[0;33mchanged: [ubuntu2204][0m
[0;33mchanged: [ubuntu2210][0m

TASK [scdrm : Setup Git GC cron] ***********************************************
[0;33mchanged: [debian10][0m
[0;33mchanged: [debian11][0m
[0;33mchanged: [rhel7][0m
[0;33mchanged: [rhel8][0m
[0;33mchanged: [rhel9][0m
[0;33mchanged: [ubuntu2204][0m
[0;33mchanged: [ubuntu2210][0m

TASK [scdrm : Setup bash_guard cron] *******************************************
[0;33mchanged: [debian10][0m
[0;33mchanged: [rhel7][0m
[0;33mchanged: [debian11][0m
[0;33mchanged: [rhel8][0m
[0;33mchanged: [rhel9][0m
[0;33mchanged: [ubuntu2204][0m
[0;33mchanged: [ubuntu2210][0m

TASK [scdrm : Copy logrotate] **************************************************
[0;33mchanged: [debian10][0m
[0;33mchanged: [debian11][0m
[0;33mchanged: [rhel7][0m
[0;33mchanged: [rhel8][0m
[0;33mchanged: [rhel9][0m
[0;33mchanged: [ubuntu2204][0m
[0;33mchanged: [ubuntu2210][0m

TASK [scdrm : Download emergency restore RPMs] *********************************
[0;36mskipping: [debian10][0m
[0;36mskipping: [debian11][0m
[0;36mskipping: [ubuntu2204][0m
[0;36mskipping: [ubuntu2210][0m
[0;33mchanged: [rhel7][0m
[0;33mchanged: [rhel9][0m
[0;33mchanged: [rhel8][0m

TASK [scdrm : Download emergency restore DPKGs] ********************************
[0;36mskipping: [rhel7][0m
[0;36mskipping: [rhel8][0m
[0;36mskipping: [rhel9][0m
[0;33mchanged: [ubuntu2210][0m
[0;33mchanged: [debian10][0m
[0;33mchanged: [ubuntu2204][0m
[0;33mchanged: [debian11][0m

TASK [scdrm : Copy MOTD] *******************************************************
[0;36mskipping: [rhel7][0m
[0;36mskipping: [rhel8][0m
[0;36mskipping: [rhel9][0m
[0;36mskipping: [debian10][0m
[0;36mskipping: [debian11][0m
[0;36mskipping: [ubuntu2204][0m
[0;36mskipping: [ubuntu2210][0m

TASK [scdrm : Run the installer] ***********************************************
[0;33mchanged: [debian10][0m
[0;33mchanged: [debian11][0m
[0;33mchanged: [rhel9][0m
[0;33mchanged: [rhel8][0m
[0;33mchanged: [ubuntu2204][0m
[0;33mchanged: [rhel7][0m
[0;33mchanged: [ubuntu2210][0m

TASK [scdrm : Remove installer] ************************************************
[0;36mskipping: [rhel7][0m
[0;36mskipping: [rhel8][0m
[0;36mskipping: [rhel9][0m
[0;36mskipping: [debian10][0m
[0;36mskipping: [debian11][0m
[0;36mskipping: [ubuntu2204][0m
[0;36mskipping: [ubuntu2210][0m

TASK [scdrm : Start SCDRM stack] ***********************************************
[0;33mchanged: [debian11] => (item=scdrm.service)[0m
[0;33mchanged: [rhel7] => (item=scdrm.service)[0m
[0;33mchanged: [debian10] => (item=scdrm.service)[0m
[0;33mchanged: [rhel9] => (item=scdrm.service)[0m
[0;33mchanged: [rhel8] => (item=scdrm.service)[0m
[0;33mchanged: [debian11] => (item=scdrm-slow-check.service)[0m
[0;33mchanged: [debian10] => (item=scdrm-slow-check.service)[0m
[0;32mok: [debian11] => (item=scdrm-slow-check.timer)[0m
[0;32mok: [debian10] => (item=scdrm-slow-check.timer)[0m
[0;33mchanged: [rhel7] => (item=scdrm-slow-check.service)[0m
[0;32mok: [rhel7] => (item=scdrm-slow-check.timer)[0m
[0;33mchanged: [rhel9] => (item=scdrm-slow-check.service)[0m
[0;33mchanged: [rhel8] => (item=scdrm-slow-check.service)[0m
[0;32mok: [rhel9] => (item=scdrm-slow-check.timer)[0m
[0;33mchanged: [ubuntu2210] => (item=scdrm.service)[0m
[0;33mchanged: [ubuntu2204] => (item=scdrm.service)[0m
[0;32mok: [rhel8] => (item=scdrm-slow-check.timer)[0m
[0;33mchanged: [ubuntu2204] => (item=scdrm-slow-check.service)[0m
[0;33mchanged: [ubuntu2210] => (item=scdrm-slow-check.service)[0m
[0;32mok: [ubuntu2204] => (item=scdrm-slow-check.timer)[0m
[0;32mok: [ubuntu2210] => (item=scdrm-slow-check.timer)[0m

TASK [scdrm : Install adminstart] **********************************************
[0;36mincluded: /home/klovric/scdrm/roles/scdrm/tasks/adminstart.yml for rhel7, rhel8, rhel9, debian10, debian11, ubuntu2204, ubuntu2210[0m

TASK [scdrm : Copy adminstart RHEL7] *******************************************
[0;36mskipping: [rhel8][0m
[0;36mskipping: [rhel9][0m
[0;33mchanged: [debian10][0m
[0;33mchanged: [debian11][0m
[0;33mchanged: [ubuntu2210][0m
[0;33mchanged: [rhel7][0m
[0;33mchanged: [ubuntu2204][0m

TASK [scdrm : Copy adminstart RHEL8] *******************************************
[0;36mskipping: [rhel7][0m
[0;36mskipping: [debian10][0m
[0;36mskipping: [debian11][0m
[0;36mskipping: [ubuntu2204][0m
[0;36mskipping: [ubuntu2210][0m
[0;33mchanged: [rhel8][0m
[0;33mchanged: [rhel9][0m

TASK [scdrm : Copy adminstart1] ************************************************
[0;33mchanged: [debian10][0m
[0;33mchanged: [debian11][0m
[0;33mchanged: [rhel7][0m
[0;33mchanged: [rhel8][0m
[0;33mchanged: [rhel9][0m
[0;33mchanged: [ubuntu2210][0m
[0;33mchanged: [ubuntu2204][0m

TASK [scdrm : Copy adminstop] **************************************************
[0;33mchanged: [debian10][0m
[0;33mchanged: [debian11][0m
[0;33mchanged: [rhel7][0m
[0;33mchanged: [rhel9][0m
[0;33mchanged: [rhel8][0m
[0;33mchanged: [ubuntu2210][0m
[0;33mchanged: [ubuntu2204][0m

TASK [scdrm : Install adminstart-auto] *****************************************
[0;33mchanged: [debian10][0m
[0;33mchanged: [debian11][0m
[0;33mchanged: [rhel7][0m
[0;33mchanged: [rhel8][0m
[0;33mchanged: [rhel9][0m
[0;33mchanged: [ubuntu2210][0m
[0;33mchanged: [ubuntu2204][0m

TASK [scdrm : Install adminstop-auto] ******************************************
[0;33mchanged: [debian10][0m
[0;33mchanged: [debian11][0m
[0;33mchanged: [rhel7][0m
[0;33mchanged: [rhel8][0m
[0;33mchanged: [rhel9][0m
[0;33mchanged: [ubuntu2204][0m
[0;33mchanged: [ubuntu2210][0m

TASK [scdrm : Setup bashrc] ****************************************************
[0;33mchanged: [debian10][0m
[0;33mchanged: [debian11][0m
[0;33mchanged: [rhel7][0m
[0;33mchanged: [rhel8][0m
[0;33mchanged: [rhel9][0m
[0;32mok: [ubuntu2204][0m
[0;32mok: [ubuntu2210][0m

TASK [scdrm : Remove SCDRM] ****************************************************
[0;36mskipping: [rhel7][0m
[0;36mskipping: [rhel8][0m
[0;36mskipping: [rhel9][0m
[0;36mskipping: [debian10][0m
[0;36mskipping: [debian11][0m
[0;36mskipping: [ubuntu2204][0m
[0;36mskipping: [ubuntu2210][0m

TASK [scdrm : Update configuration] ********************************************
[0;36mskipping: [rhel7][0m
[0;36mskipping: [rhel8][0m
[0;36mskipping: [rhel9][0m
[0;36mskipping: [debian10][0m
[0;36mskipping: [debian11][0m
[0;36mskipping: [ubuntu2204][0m
[0;36mskipping: [ubuntu2210][0m

TASK [aide : Adminstart] *******************************************************
[0;32mok: [debian10][0m
[0;32mok: [debian11][0m
[0;32mok: [rhel7][0m
[0;32mok: [rhel8][0m
[0;32mok: [rhel9][0m
[0;32mok: [ubuntu2204][0m
[0;32mok: [ubuntu2210][0m

TASK [aide : Install and configure AIDE] ***************************************
[0;33mchanged: [rhel7][0m
[0;33mchanged: [rhel9][0m
[0;33mchanged: [rhel8][0m
[0;33mchanged: [ubuntu2204][0m
[0;33mchanged: [debian10][0m
[0;33mchanged: [ubuntu2210][0m
[0;33mchanged: [debian11][0m

TASK [aide : Create log dir if not present] ************************************
[0;33mchanged: [debian10][0m
[0;33mchanged: [debian11][0m
[0;33mchanged: [rhel7][0m
[0;33mchanged: [rhel8][0m
[0;33mchanged: [rhel9][0m
[0;33mchanged: [ubuntu2204][0m
[0;33mchanged: [ubuntu2210][0m

TASK [aide : Check SELinux] ****************************************************
[0;36mskipping: [debian10][0m
[0;36mskipping: [debian11][0m
[0;36mskipping: [ubuntu2204][0m
[0;36mskipping: [ubuntu2210][0m
[0;32mok: [rhel7][0m
[0;32mok: [rhel8][0m
[0;32mok: [rhel9][0m

TASK [aide : Set SELinux fact] *************************************************
[0;32mok: [rhel7][0m
[0;32mok: [rhel8][0m
[0;36mskipping: [debian10][0m
[0;32mok: [rhel9][0m
[0;36mskipping: [debian11][0m
[0;36mskipping: [ubuntu2204][0m
[0;36mskipping: [ubuntu2210][0m

TASK [aide : Set SELinux fact] *************************************************
[0;36mskipping: [rhel7][0m
[0;36mskipping: [rhel8][0m
[0;36mskipping: [rhel9][0m
[0;36mskipping: [debian10][0m
[0;36mskipping: [debian11][0m
[0;36mskipping: [ubuntu2204][0m
[0;36mskipping: [ubuntu2210][0m

TASK [aide : Set SELinux fact] *************************************************
[0;36mskipping: [rhel7][0m
[0;36mskipping: [rhel8][0m
[0;36mskipping: [rhel9][0m
[0;36mskipping: [debian10][0m
[0;36mskipping: [debian11][0m
[0;36mskipping: [ubuntu2204][0m
[0;36mskipping: [ubuntu2210][0m

TASK [aide : Copy RHEL7 aide.conf] *********************************************
[0;36mskipping: [rhel8][0m
[0;36mskipping: [rhel9][0m
[0;36mskipping: [debian10][0m
[0;36mskipping: [debian11][0m
[0;36mskipping: [ubuntu2204][0m
[0;36mskipping: [ubuntu2210][0m
[0;33mchanged: [rhel7][0m

TASK [aide : Copy RHEL8 aide.conf] *********************************************
[0;36mskipping: [rhel7][0m
[0;36mskipping: [rhel9][0m
[0;36mskipping: [debian10][0m
[0;36mskipping: [debian11][0m
[0;36mskipping: [ubuntu2204][0m
[0;36mskipping: [ubuntu2210][0m
[0;33mchanged: [rhel8][0m

TASK [aide : Copy RHEL9 aide.conf] *********************************************
[0;36mskipping: [rhel7][0m
[0;36mskipping: [rhel8][0m
[0;36mskipping: [debian10][0m
[0;36mskipping: [debian11][0m
[0;36mskipping: [ubuntu2204][0m
[0;36mskipping: [ubuntu2210][0m
[0;33mchanged: [rhel9][0m

TASK [aide : Copy Debian/Ubuntu aide.conf] *************************************
[0;36mskipping: [rhel7][0m
[0;36mskipping: [rhel8][0m
[0;36mskipping: [rhel9][0m
[0;33mchanged: [debian10][0m
[0;33mchanged: [debian11][0m
[0;33mchanged: [ubuntu2204][0m
[0;33mchanged: [ubuntu2210][0m

TASK [aide : Copy aide-auto-check] *********************************************
[0;33mchanged: [debian10][0m
[0;33mchanged: [debian11][0m
[0;33mchanged: [rhel7][0m
[0;33mchanged: [rhel9][0m
[0;33mchanged: [rhel8][0m
[0;33mchanged: [ubuntu2204][0m
[0;33mchanged: [ubuntu2210][0m

TASK [aide : AIDE init EL] *****************************************************
[0;36mskipping: [debian10][0m
[0;36mskipping: [debian11][0m
[0;36mskipping: [ubuntu2204][0m
[0;36mskipping: [ubuntu2210][0m
[0;33mchanged: [rhel9][0m
[0;33mchanged: [rhel8][0m
[0;33mchanged: [rhel7][0m

TASK [aide : AIDE init Deb] ****************************************************
[0;36mskipping: [rhel7][0m
[0;36mskipping: [rhel8][0m
[0;36mskipping: [rhel9][0m
[0;33mchanged: [debian10][0m
[0;31mfatal: [debian11]: FAILED! => {"changed": true, "cmd": "/usr/bin/aide -c /etc/aide/aide.conf -i && mv /var/lib/aide/aide.db.new /var/lib/aide/aide.db", "delta": "0:00:00.393040", "end": "2023-03-09 22:50:27.707431", "msg": "non-zero return code", "rc": 17, "start": "2023-03-09 22:50:27.314391", "stderr": "  ERROR: /etc/aide/aide.conf.d/98_aide_scdrm:3: unexpected character: '{' (line: '{% if \"el\" in release.stdout %}')", "stderr_lines": ["  ERROR: /etc/aide/aide.conf.d/98_aide_scdrm:3: unexpected character: '{' (line: '{% if \"el\" in release.stdout %}')"], "stdout": "", "stdout_lines": []}[0m
[0;36m...ignoring[0m
[0;31mfatal: [ubuntu2204]: FAILED! => {"changed": true, "cmd": "/usr/bin/aide -c /etc/aide/aide.conf -i && mv /var/lib/aide/aide.db.new /var/lib/aide/aide.db", "delta": "0:00:00.641854", "end": "2023-03-09 21:50:27.980635", "msg": "non-zero return code", "rc": 17, "start": "2023-03-09 21:50:27.338781", "stderr": "  ERROR: /etc/aide/aide.conf.d/98_aide_scdrm:3: unexpected character: '{' (line: '{% if \"el\" in release.stdout %}')", "stderr_lines": ["  ERROR: /etc/aide/aide.conf.d/98_aide_scdrm:3: unexpected character: '{' (line: '{% if \"el\" in release.stdout %}')"], "stdout": "", "stdout_lines": []}[0m
[0;36m...ignoring[0m
[0;31mfatal: [ubuntu2210]: FAILED! => {"changed": true, "cmd": "/usr/bin/aide -c /etc/aide/aide.conf -i && mv /var/lib/aide/aide.db.new /var/lib/aide/aide.db", "delta": "0:00:00.713607", "end": "2023-03-09 21:50:28.079746", "msg": "non-zero return code", "rc": 17, "start": "2023-03-09 21:50:27.366139", "stderr": "  ERROR: /etc/aide/aide.conf.d/98_aide_scdrm:3: unexpected character: '{' (line: '{% if \"el\" in release.stdout %}')", "stderr_lines": ["  ERROR: /etc/aide/aide.conf.d/98_aide_scdrm:3: unexpected character: '{' (line: '{% if \"el\" in release.stdout %}')"], "stdout": "", "stdout_lines": []}[0m
[0;36m...ignoring[0m

TASK [aide : Setup AIDE check RHEL7] *******************************************
[0;36mskipping: [rhel8][0m
[0;36mskipping: [rhel9][0m
[0;36mskipping: [debian10][0m
[0;36mskipping: [debian11][0m
[0;36mskipping: [ubuntu2204][0m
[0;36mskipping: [ubuntu2210][0m
[0;33mchanged: [rhel7][0m

TASK [aide : Setup AIDE check RHEL89] ******************************************
[0;36mskipping: [rhel7][0m
[0;36mskipping: [debian10][0m
[0;36mskipping: [debian11][0m
[0;36mskipping: [ubuntu2204][0m
[0;36mskipping: [ubuntu2210][0m
[0;33mchanged: [rhel8][0m
[0;33mchanged: [rhel9][0m

TASK [aide : Setup AIDE check Debian] ******************************************
[0;36mskipping: [rhel7][0m
[0;36mskipping: [rhel8][0m
[0;36mskipping: [rhel9][0m
[0;33mchanged: [debian10][0m
[0;33mchanged: [debian11][0m
[0;33mchanged: [ubuntu2204][0m
[0;33mchanged: [ubuntu2210][0m

TASK [aide : Setup AIDE check timer] *******************************************
[0;33mchanged: [debian10][0m
[0;33mchanged: [debian11][0m
[0;33mchanged: [rhel7][0m
[0;33mchanged: [rhel8][0m
[0;33mchanged: [rhel9][0m
[0;33mchanged: [ubuntu2204][0m
[0;33mchanged: [ubuntu2210][0m

TASK [aide : Setup AIDE auto-check] ********************************************
[0;33mchanged: [debian10][0m
[0;33mchanged: [rhel7][0m
[0;33mchanged: [debian11][0m
[0;33mchanged: [rhel8][0m
[0;33mchanged: [rhel9][0m
[0;33mchanged: [ubuntu2204][0m
[0;33mchanged: [ubuntu2210][0m

TASK [aide : Setup AIDE auto-check timer] **************************************
[0;33mchanged: [debian10][0m
[0;33mchanged: [debian11][0m
[0;33mchanged: [ubuntu2204][0m
[0;33mchanged: [ubuntu2210][0m
[0;33mchanged: [rhel9][0m
[0;33mchanged: [rhel7][0m
[0;33mchanged: [rhel8][0m

TASK [aide : Commit AIDE install EL] *******************************************
[0;36mskipping: [debian10][0m
[0;36mskipping: [debian11][0m
[0;36mskipping: [ubuntu2204][0m
[0;36mskipping: [ubuntu2210][0m
[0;33mchanged: [rhel9][0m
[0;33mchanged: [rhel8][0m
[0;33mchanged: [rhel7][0m

TASK [aide : Commit AIDE install Deb] ******************************************
[0;36mskipping: [rhel7][0m
[0;36mskipping: [rhel8][0m
[0;36mskipping: [rhel9][0m
[0;33mchanged: [debian10][0m
[0;33mchanged: [debian11][0m
[0;33mchanged: [ubuntu2204][0m
[0;33mchanged: [ubuntu2210][0m

TASK [aide : Service start] ****************************************************
[0;33mchanged: [rhel7] => (item=aide-check.timer)[0m
[0;33mchanged: [debian10] => (item=aide-check.timer)[0m
[0;33mchanged: [rhel8] => (item=aide-check.timer)[0m
[0;33mchanged: [debian11] => (item=aide-check.timer)[0m
[0;33mchanged: [rhel9] => (item=aide-check.timer)[0m
[0;33mchanged: [rhel7] => (item=aide-check.service)[0m
[0;33mchanged: [debian10] => (item=aide-check.service)[0m
[0;33mchanged: [debian11] => (item=aide-check.service)[0m
[0;33mchanged: [rhel8] => (item=aide-check.service)[0m
[0;33mchanged: [rhel9] => (item=aide-check.service)[0m
[0;33mchanged: [ubuntu2204] => (item=aide-check.timer)[0m
[0;33mchanged: [ubuntu2210] => (item=aide-check.timer)[0m
[0;33mchanged: [ubuntu2204] => (item=aide-check.service)[0m
[0;33mchanged: [ubuntu2210] => (item=aide-check.service)[0m

TASK [aide : Adminstop] ********************************************************
[0;32mok: [debian11][0m
[0;32mok: [debian10][0m
[0;32mok: [rhel9][0m
[0;32mok: [rhel8][0m
[0;32mok: [ubuntu2204][0m
[0;32mok: [ubuntu2210][0m
[0;32mok: [rhel7][0m

PLAY RECAP *********************************************************************
[0;33mdebian10[0m                   : [0;32mok=51  [0m [0;33mchanged=40  [0m unreachable=0    failed=0    [0;36mskipped=32  [0m rescued=0    ignored=0   
[0;33mdebian11[0m                   : [0;32mok=51  [0m [0;33mchanged=40  [0m unreachable=0    failed=0    [0;36mskipped=32  [0m rescued=0    [1;35mignored=1   [0m
[0;33mrhel7[0m                      : [0;32mok=57  [0m [0;33mchanged=40  [0m unreachable=0    failed=0    [0;36mskipped=26  [0m rescued=0    ignored=0   
[0;33mrhel8[0m                      : [0;32mok=55  [0m [0;33mchanged=41  [0m unreachable=0    failed=0    [0;36mskipped=28  [0m rescued=0    ignored=0   
[0;33mrhel9[0m                      : [0;32mok=55  [0m [0;33mchanged=41  [0m unreachable=0    failed=0    [0;36mskipped=28  [0m rescued=0    ignored=0   
[0;33mubuntu2204[0m                 : [0;32mok=51  [0m [0;33mchanged=38  [0m unreachable=0    failed=0    [0;36mskipped=32  [0m rescued=0    [1;35mignored=1   [0m
[0;33mubuntu2210[0m                 : [0;32mok=51  [0m [0;33mchanged=38  [0m unreachable=0    failed=0    [0;36mskipped=32  [0m rescued=0    [1;35mignored=1   [0m

