
PLAY [Manage SCDRM] ************************************************************

TASK [get_kernel : Get kernel version] *****************************************
[0;32mok: [debian10][0m
[0;32mok: [debian11][0m
[0;32mok: [rhel7][0m
[0;32mok: [rhel8][0m
[0;32mok: [rhel9][0m
[0;32mok: [ubuntu2204][0m
[0;32mok: [ubuntu2210][0m

TASK [skip_host : Skip host due to critical task failure] **********************
[0;36mskipping: [rhel7][0m

TASK [skip_host : Skip host due to critical task failure] **********************
[0;36mskipping: [rhel8][0m

TASK [skip_host : Skip host due to critical task failure] **********************
[0;36mskipping: [rhel9][0m

TASK [skip_host : Skip host due to critical task failure] **********************
[0;36mskipping: [debian10][0m

TASK [skip_host : Skip host due to critical task failure] **********************
[0;36mskipping: [debian11][0m

TASK [skip_host : Skip host due to critical task failure] **********************
[0;36mskipping: [ubuntu2204][0m

TASK [skip_host : Skip host due to critical task failure] **********************
[0;36mskipping: [ubuntu2210][0m

TASK [terminal_logger : Install util-linux] ************************************
[0;36mskipping: [rhel8][0m
[0;36mskipping: [rhel9][0m
[0;31mfatal: [debian10]: FAILED! => {"ansible_facts": {"pkg_mgr": "apt"}, "changed": false, "msg": ["Could not detect which major revision of yum is in use, which is required to determine module backend.", "You should manually specify use_backend to tell the module whether to use the yum (yum3) or dnf (yum4) backend})"]}[0m
[0;36m...ignoring[0m
[0;31mfatal: [ubuntu2210]: FAILED! => {"ansible_facts": {"pkg_mgr": "apt"}, "changed": false, "msg": ["Could not detect which major revision of yum is in use, which is required to determine module backend.", "You should manually specify use_backend to tell the module whether to use the yum (yum3) or dnf (yum4) backend})"]}[0m
[0;36m...ignoring[0m
[0;31mfatal: [ubuntu2204]: FAILED! => {"ansible_facts": {"pkg_mgr": "apt"}, "changed": false, "msg": ["Could not detect which major revision of yum is in use, which is required to determine module backend.", "You should manually specify use_backend to tell the module whether to use the yum (yum3) or dnf (yum4) backend})"]}[0m
[0;36m...ignoring[0m
[0;31mfatal: [debian11]: FAILED! => {"ansible_facts": {"pkg_mgr": "apt"}, "changed": false, "msg": ["Could not detect which major revision of yum is in use, which is required to determine module backend.", "You should manually specify use_backend to tell the module whether to use the yum (yum3) or dnf (yum4) backend})"]}[0m
[0;36m...ignoring[0m
[0;32mok: [rhel7][0m

TASK [terminal_logger : Install tlog] ******************************************
[0;36mskipping: [rhel7][0m
[0;36mskipping: [debian10][0m
[0;36mskipping: [debian11][0m
[0;36mskipping: [ubuntu2204][0m
[0;36mskipping: [ubuntu2210][0m
[0;33mchanged: [rhel9][0m
[0;33mchanged: [rhel8][0m

TASK [route_guard : Check network service] *************************************
[0;32mok: [rhel7][0m
[0;32mok: [debian10][0m
[0;32mok: [debian11][0m
[0;32mok: [rhel8][0m
[0;32mok: [rhel9][0m
[0;32mok: [ubuntu2204][0m
[0;32mok: [ubuntu2210][0m

TASK [route_guard : Check NetworkManager service] ******************************
[0;32mok: [debian10][0m
[0;32mok: [rhel7][0m
[0;32mok: [debian11][0m
[0;32mok: [rhel8][0m
[0;32mok: [rhel9][0m
[0;32mok: [ubuntu2210][0m
[0;32mok: [ubuntu2204][0m

TASK [route_guard : Set fact] **************************************************
[0;36mskipping: [rhel8][0m
[0;32mok: [rhel7][0m
[0;36mskipping: [rhel9][0m
[0;36mskipping: [debian10][0m
[0;36mskipping: [debian11][0m
[0;36mskipping: [ubuntu2204][0m
[0;36mskipping: [ubuntu2210][0m

TASK [route_guard : Set fact] **************************************************
[0;32mok: [rhel7][0m
[0;32mok: [rhel8][0m
[0;36mskipping: [debian10][0m
[0;32mok: [rhel9][0m
[0;36mskipping: [debian11][0m
[0;36mskipping: [ubuntu2204][0m
[0;36mskipping: [ubuntu2210][0m

TASK [route_guard : Install route-guard for RHEL] ******************************
[0;31mAn exception occurred during task execution. To see the full traceback, use -vvv. The error was: ansible.errors.AnsibleUndefinedVariable: 'netservice' is undefined[0m
[0;31mfatal: [debian10]: FAILED! => {"changed": false, "msg": "AnsibleUndefinedVariable: 'netservice' is undefined"}[0m
[0;36m...ignoring[0m
[0;31mAn exception occurred during task execution. To see the full traceback, use -vvv. The error was: ansible.errors.AnsibleUndefinedVariable: 'netservice' is undefined[0m
[0;31mfatal: [debian11]: FAILED! => {"changed": false, "msg": "AnsibleUndefinedVariable: 'netservice' is undefined"}[0m
[0;36m...ignoring[0m
[0;31mAn exception occurred during task execution. To see the full traceback, use -vvv. The error was: ansible.errors.AnsibleUndefinedVariable: 'netservice' is undefined[0m
[0;31mfatal: [ubuntu2204]: FAILED! => {"changed": false, "msg": "AnsibleUndefinedVariable: 'netservice' is undefined"}[0m
[0;36m...ignoring[0m
[0;31mAn exception occurred during task execution. To see the full traceback, use -vvv. The error was: ansible.errors.AnsibleUndefinedVariable: 'netservice' is undefined[0m
[0;31mfatal: [ubuntu2210]: FAILED! => {"changed": false, "msg": "AnsibleUndefinedVariable: 'netservice' is undefined"}[0m
[0;36m...ignoring[0m
[0;33mchanged: [rhel7][0m
[0;33mchanged: [rhel8][0m
[0;33mchanged: [rhel9][0m

TASK [scdrm : Install SCDRM] ***************************************************
[0;36mincluded: /home/klovric/ansible_collections/klovric/scdrm/roles/scdrm/tasks/install.yml for rhel7, rhel8, rhel9, debian10, debian11, ubuntu2204, ubuntu2210[0m

TASK [scdrm : Create dirs] *****************************************************
[0;33mchanged: [debian10] => (item=/var/log/scdrm)[0m
[0;33mchanged: [debian11] => (item=/var/log/scdrm)[0m
[0;33mchanged: [rhel7] => (item=/var/log/scdrm)[0m
[0;33mchanged: [rhel8] => (item=/var/log/scdrm)[0m
[0;33mchanged: [rhel9] => (item=/var/log/scdrm)[0m
[0;33mchanged: [debian10] => (item=/etc/scdrm)[0m
[0;33mchanged: [debian11] => (item=/etc/scdrm)[0m
[0;33mchanged: [rhel7] => (item=/etc/scdrm)[0m
[0;33mchanged: [debian10] => (item=/scdrm)[0m
[0;33mchanged: [debian11] => (item=/scdrm)[0m
[0;33mchanged: [rhel7] => (item=/scdrm)[0m
[0;33mchanged: [rhel8] => (item=/etc/scdrm)[0m
[0;33mchanged: [rhel9] => (item=/etc/scdrm)[0m
[0;33mchanged: [ubuntu2204] => (item=/var/log/scdrm)[0m
[0;33mchanged: [ubuntu2210] => (item=/var/log/scdrm)[0m
[0;33mchanged: [ubuntu2210] => (item=/etc/scdrm)[0m
[0;33mchanged: [rhel8] => (item=/scdrm)[0m
[0;33mchanged: [ubuntu2204] => (item=/etc/scdrm)[0m
[0;33mchanged: [rhel9] => (item=/scdrm)[0m
[0;33mchanged: [ubuntu2210] => (item=/scdrm)[0m
[0;33mchanged: [ubuntu2204] => (item=/scdrm)[0m

TASK [scdrm : Install dependencies] ********************************************
[0;32mok: [rhel7][0m
[0;31mfatal: [debian10]: FAILED! => {"ansible_facts": {"pkg_mgr": "apt"}, "changed": false, "msg": ["Could not detect which major revision of yum is in use, which is required to determine module backend.", "You should manually specify use_backend to tell the module whether to use the yum (yum3) or dnf (yum4) backend})"]}[0m
[0;36m...ignoring[0m
[0;31mfatal: [debian11]: FAILED! => {"ansible_facts": {"pkg_mgr": "apt"}, "changed": false, "msg": ["Could not detect which major revision of yum is in use, which is required to determine module backend.", "You should manually specify use_backend to tell the module whether to use the yum (yum3) or dnf (yum4) backend})"]}[0m
[0;36m...ignoring[0m
[0;31mfatal: [ubuntu2210]: FAILED! => {"ansible_facts": {"pkg_mgr": "apt"}, "changed": false, "msg": ["Could not detect which major revision of yum is in use, which is required to determine module backend.", "You should manually specify use_backend to tell the module whether to use the yum (yum3) or dnf (yum4) backend})"]}[0m
[0;36m...ignoring[0m
[0;31mfatal: [ubuntu2204]: FAILED! => {"ansible_facts": {"pkg_mgr": "apt"}, "changed": false, "msg": ["Could not detect which major revision of yum is in use, which is required to determine module backend.", "You should manually specify use_backend to tell the module whether to use the yum (yum3) or dnf (yum4) backend})"]}[0m
[0;36m...ignoring[0m
[0;32mok: [rhel9][0m
[0;32mok: [rhel8][0m

TASK [scdrm : Check network service] *******************************************
[0;32mok: [debian10][0m
[0;32mok: [rhel7][0m
[0;32mok: [debian11][0m
[0;32mok: [rhel8][0m
[0;32mok: [rhel9][0m
[0;32mok: [ubuntu2204][0m
[0;32mok: [ubuntu2210][0m

TASK [scdrm : Check NetworkManager service] ************************************
[0;32mok: [debian10][0m
[0;32mok: [rhel7][0m
[0;32mok: [debian11][0m
[0;32mok: [rhel8][0m
[0;32mok: [ubuntu2204][0m
[0;32mok: [ubuntu2210][0m
[0;32mok: [rhel9][0m

TASK [scdrm : Set fact] ********************************************************
[0;36mskipping: [rhel8][0m
[0;32mok: [rhel7][0m
[0;36mskipping: [rhel9][0m
[0;36mskipping: [debian10][0m
[0;36mskipping: [debian11][0m
[0;36mskipping: [ubuntu2204][0m
[0;36mskipping: [ubuntu2210][0m

TASK [scdrm : Set fact] ********************************************************
[0;32mok: [rhel7][0m
[0;32mok: [rhel8][0m
[0;36mskipping: [debian10][0m
[0;32mok: [rhel9][0m
[0;36mskipping: [debian11][0m
[0;36mskipping: [ubuntu2204][0m
[0;36mskipping: [ubuntu2210][0m

TASK [scdrm : Copy scdrmd] *****************************************************
[0;31mAn exception occurred during task execution. To see the full traceback, use -vvv. The error was: ansible.errors.AnsibleUndefinedVariable: 'netservice' is undefined[0m
[0;31mfatal: [debian10]: FAILED! => {"changed": false, "msg": "AnsibleUndefinedVariable: 'netservice' is undefined"}[0m
[0;36m...ignoring[0m
[0;31mAn exception occurred during task execution. To see the full traceback, use -vvv. The error was: ansible.errors.AnsibleUndefinedVariable: 'netservice' is undefined[0m
[0;31mfatal: [debian11]: FAILED! => {"changed": false, "msg": "AnsibleUndefinedVariable: 'netservice' is undefined"}[0m
[0;36m...ignoring[0m
[0;31mAn exception occurred during task execution. To see the full traceback, use -vvv. The error was: ansible.errors.AnsibleUndefinedVariable: 'netservice' is undefined[0m
[0;31mfatal: [ubuntu2204]: FAILED! => {"changed": false, "msg": "AnsibleUndefinedVariable: 'netservice' is undefined"}[0m
[0;36m...ignoring[0m
[0;31mAn exception occurred during task execution. To see the full traceback, use -vvv. The error was: ansible.errors.AnsibleUndefinedVariable: 'netservice' is undefined[0m
[0;31mfatal: [ubuntu2210]: FAILED! => {"changed": false, "msg": "AnsibleUndefinedVariable: 'netservice' is undefined"}[0m
[0;36m...ignoring[0m
[0;33mchanged: [rhel7][0m
[0;33mchanged: [rhel8][0m
[0;33mchanged: [rhel9][0m

TASK [scdrm : Copy scdrm.conf] *************************************************
[0;33mchanged: [debian10][0m
[0;33mchanged: [debian11][0m
[0;33mchanged: [rhel7][0m
[0;33mchanged: [rhel8][0m
[0;33mchanged: [rhel9][0m
[0;33mchanged: [ubuntu2204][0m
[0;33mchanged: [ubuntu2210][0m

TASK [scdrm : Copy gitignore] **************************************************
[0;33mchanged: [debian10] => (item=/etc)[0m
[0;33mchanged: [debian11] => (item=/etc)[0m
[0;33mchanged: [rhel7] => (item=/etc)[0m
[0;33mchanged: [rhel8] => (item=/etc)[0m
[0;33mchanged: [debian10] => (item=/usr/lib/systemd)[0m
[0;33mchanged: [rhel9] => (item=/etc)[0m
[0;33mchanged: [debian11] => (item=/usr/lib/systemd)[0m
[0;33mchanged: [rhel7] => (item=/usr/lib/systemd)[0m
[0;31mfailed: [debian10] (item=/usr/lib64/security) => {"ansible_loop_var": "item", "changed": false, "checksum": "d7e2964c677ffb5c0d3616366e9fb2cafc84ce8b", "item": "/usr/lib64/security", "msg": "Destination directory /usr/lib64/security does not exist"}[0m
[0;36m...ignoring[0m
[0;31mfailed: [debian11] (item=/usr/lib64/security) => {"ansible_loop_var": "item", "changed": false, "checksum": "d7e2964c677ffb5c0d3616366e9fb2cafc84ce8b", "item": "/usr/lib64/security", "msg": "Destination directory /usr/lib64/security does not exist"}[0m
[0;36m...ignoring[0m
[0;33mchanged: [rhel7] => (item=/usr/lib64/security)[0m
[0;33mchanged: [rhel8] => (item=/usr/lib/systemd)[0m
[0;33mchanged: [rhel9] => (item=/usr/lib/systemd)[0m
[0;33mchanged: [ubuntu2204] => (item=/etc)[0m
[0;33mchanged: [ubuntu2210] => (item=/etc)[0m
[0;33mchanged: [ubuntu2204] => (item=/usr/lib/systemd)[0m
[0;33mchanged: [rhel8] => (item=/usr/lib64/security)[0m
[0;33mchanged: [ubuntu2210] => (item=/usr/lib/systemd)[0m
[0;33mchanged: [rhel9] => (item=/usr/lib64/security)[0m
[0;31mfailed: [ubuntu2204] (item=/usr/lib64/security) => {"ansible_loop_var": "item", "changed": false, "checksum": "d7e2964c677ffb5c0d3616366e9fb2cafc84ce8b", "item": "/usr/lib64/security", "msg": "Destination directory /usr/lib64/security does not exist"}[0m
[0;36m...ignoring[0m
[0;31mfailed: [ubuntu2210] (item=/usr/lib64/security) => {"ansible_loop_var": "item", "changed": false, "checksum": "d7e2964c677ffb5c0d3616366e9fb2cafc84ce8b", "item": "/usr/lib64/security", "msg": "Destination directory /usr/lib64/security does not exist"}[0m
[0;36m...ignoring[0m

TASK [scdrm : Copy installer] **************************************************
[0;33mchanged: [debian10][0m
[0;33mchanged: [debian11][0m
[0;33mchanged: [rhel7][0m
[0;33mchanged: [rhel8][0m
[0;33mchanged: [rhel9][0m
[0;33mchanged: [ubuntu2204][0m
[0;33mchanged: [ubuntu2210][0m

TASK [scdrm : Copy cron-check] *************************************************
[0;33mchanged: [debian10][0m
[0;33mchanged: [rhel7][0m
[0;33mchanged: [debian11][0m
[0;33mchanged: [rhel8][0m
[0;33mchanged: [rhel9][0m
[0;33mchanged: [ubuntu2204][0m
[0;33mchanged: [ubuntu2210][0m

TASK [scdrm : Copy fast-check] *************************************************
[0;31mAn exception occurred during task execution. To see the full traceback, use -vvv. The error was: ansible.errors.AnsibleUndefinedVariable: 'netservice' is undefined[0m
[0;31mfatal: [debian10]: FAILED! => {"changed": false, "msg": "AnsibleUndefinedVariable: 'netservice' is undefined"}[0m
[0;36m...ignoring[0m
[0;31mAn exception occurred during task execution. To see the full traceback, use -vvv. The error was: ansible.errors.AnsibleUndefinedVariable: 'netservice' is undefined[0m
[0;31mfatal: [debian11]: FAILED! => {"changed": false, "msg": "AnsibleUndefinedVariable: 'netservice' is undefined"}[0m
[0;36m...ignoring[0m
[0;31mAn exception occurred during task execution. To see the full traceback, use -vvv. The error was: ansible.errors.AnsibleUndefinedVariable: 'netservice' is undefined[0m
[0;31mfatal: [ubuntu2204]: FAILED! => {"changed": false, "msg": "AnsibleUndefinedVariable: 'netservice' is undefined"}[0m
[0;36m...ignoring[0m
[0;31mAn exception occurred during task execution. To see the full traceback, use -vvv. The error was: ansible.errors.AnsibleUndefinedVariable: 'netservice' is undefined[0m
[0;31mfatal: [ubuntu2210]: FAILED! => {"changed": false, "msg": "AnsibleUndefinedVariable: 'netservice' is undefined"}[0m
[0;36m...ignoring[0m
[0;33mchanged: [rhel7][0m
[0;33mchanged: [rhel8][0m
[0;33mchanged: [rhel9][0m

TASK [scdrm : Copy GitGC cron] *************************************************
[0;33mchanged: [debian10][0m
[0;33mchanged: [rhel7][0m
[0;33mchanged: [debian11][0m
[0;33mchanged: [rhel8][0m
[0;33mchanged: [rhel9][0m
[0;33mchanged: [ubuntu2204][0m
[0;33mchanged: [ubuntu2210][0m

TASK [scdrm : Copy bash-guard] *************************************************
[0;33mchanged: [debian10][0m
[0;33mchanged: [debian11][0m
[0;33mchanged: [rhel7][0m
[0;33mchanged: [rhel8][0m
[0;33mchanged: [rhel9][0m
[0;33mchanged: [ubuntu2204][0m
[0;33mchanged: [ubuntu2210][0m

TASK [scdrm : Copy scdrm-service-restart] **************************************
[0;31mAn exception occurred during task execution. To see the full traceback, use -vvv. The error was: ansible.errors.AnsibleUndefinedVariable: 'netservice' is undefined[0m
[0;31mfatal: [debian10]: FAILED! => {"changed": false, "msg": "AnsibleUndefinedVariable: 'netservice' is undefined"}[0m
[0;36m...ignoring[0m
[0;31mAn exception occurred during task execution. To see the full traceback, use -vvv. The error was: ansible.errors.AnsibleUndefinedVariable: 'netservice' is undefined[0m
[0;31mfatal: [debian11]: FAILED! => {"changed": false, "msg": "AnsibleUndefinedVariable: 'netservice' is undefined"}[0m
[0;36m...ignoring[0m
[0;31mAn exception occurred during task execution. To see the full traceback, use -vvv. The error was: ansible.errors.AnsibleUndefinedVariable: 'netservice' is undefined[0m
[0;31mfatal: [ubuntu2204]: FAILED! => {"changed": false, "msg": "AnsibleUndefinedVariable: 'netservice' is undefined"}[0m
[0;36m...ignoring[0m
[0;31mAn exception occurred during task execution. To see the full traceback, use -vvv. The error was: ansible.errors.AnsibleUndefinedVariable: 'netservice' is undefined[0m
[0;31mfatal: [ubuntu2210]: FAILED! => {"changed": false, "msg": "AnsibleUndefinedVariable: 'netservice' is undefined"}[0m
[0;36m...ignoring[0m
[0;33mchanged: [rhel7][0m
[0;33mchanged: [rhel8][0m
[0;33mchanged: [rhel9][0m

TASK [scdrm : Setup SCDRM service] *********************************************
[0;33mchanged: [debian10][0m
[0;33mchanged: [debian11][0m
[0;33mchanged: [rhel7][0m
[0;33mchanged: [rhel8][0m
[0;33mchanged: [rhel9][0m
[0;33mchanged: [ubuntu2204][0m
[0;33mchanged: [ubuntu2210][0m

TASK [scdrm : Setup SCDRM slow check timer] ************************************
[0;33mchanged: [debian10][0m
[0;33mchanged: [rhel7][0m
[0;33mchanged: [debian11][0m
[0;33mchanged: [rhel8][0m
[0;33mchanged: [rhel9][0m
[0;33mchanged: [ubuntu2204][0m
[0;33mchanged: [ubuntu2210][0m

TASK [scdrm : Setup SCDRM-slow check service] **********************************
[0;33mchanged: [debian10][0m
[0;33mchanged: [debian11][0m
[0;33mchanged: [rhel7][0m
[0;33mchanged: [rhel8][0m
[0;33mchanged: [rhel9][0m
[0;33mchanged: [ubuntu2210][0m
[0;33mchanged: [ubuntu2204][0m

TASK [scdrm : Setup Git GC cron] ***********************************************
[0;33mchanged: [debian10][0m
[0;33mchanged: [debian11][0m
[0;33mchanged: [rhel7][0m
[0;33mchanged: [rhel8][0m
[0;33mchanged: [rhel9][0m
[0;33mchanged: [ubuntu2204][0m
[0;33mchanged: [ubuntu2210][0m

TASK [scdrm : Copy logrotate] **************************************************
[0;33mchanged: [debian10][0m
[0;33mchanged: [debian11][0m
[0;33mchanged: [rhel7][0m
[0;33mchanged: [rhel8][0m
[0;33mchanged: [rhel9][0m
[0;33mchanged: [ubuntu2204][0m
[0;33mchanged: [ubuntu2210][0m

TASK [scdrm : Download emergency restore RPMs] *********************************
[0;31mfatal: [debian10]: FAILED! => {"changed": true, "cmd": "yum reinstall --downloadonly --downloaddir=/scdrm rpm glibc coreutils bash -y", "delta": "0:00:00.006043", "end": "2023-01-20 21:39:18.276112", "msg": "non-zero return code", "rc": 127, "start": "2023-01-20 21:39:18.270069", "stderr": "/bin/bash: yum: command not found", "stderr_lines": ["/bin/bash: yum: command not found"], "stdout": "", "stdout_lines": []}[0m
[0;36m...ignoring[0m
[0;31mfatal: [debian11]: FAILED! => {"changed": true, "cmd": "yum reinstall --downloadonly --downloaddir=/scdrm rpm glibc coreutils bash -y", "delta": "0:00:00.005911", "end": "2023-01-20 21:39:18.280119", "msg": "non-zero return code", "rc": 127, "start": "2023-01-20 21:39:18.274208", "stderr": "/bin/bash: line 1: yum: command not found", "stderr_lines": ["/bin/bash: line 1: yum: command not found"], "stdout": "", "stdout_lines": []}[0m
[0;36m...ignoring[0m
[0;31mfatal: [ubuntu2210]: FAILED! => {"changed": true, "cmd": "yum reinstall --downloadonly --downloaddir=/scdrm rpm glibc coreutils bash -y", "delta": "0:00:00.005933", "end": "2023-01-20 20:39:18.866700", "msg": "non-zero return code", "rc": 127, "start": "2023-01-20 20:39:18.860767", "stderr": "/bin/bash: line 1: yum: command not found", "stderr_lines": ["/bin/bash: line 1: yum: command not found"], "stdout": "", "stdout_lines": []}[0m
[0;36m...ignoring[0m
[0;31mfatal: [ubuntu2204]: FAILED! => {"changed": true, "cmd": "yum reinstall --downloadonly --downloaddir=/scdrm rpm glibc coreutils bash -y", "delta": "0:00:00.007400", "end": "2023-01-20 20:39:18.931707", "msg": "non-zero return code", "rc": 127, "start": "2023-01-20 20:39:18.924307", "stderr": "/bin/bash: line 1: yum: command not found", "stderr_lines": ["/bin/bash: line 1: yum: command not found"], "stdout": "", "stdout_lines": []}[0m
[0;36m...ignoring[0m
[0;33mchanged: [rhel7][0m
[0;33mchanged: [rhel9][0m
[0;33mchanged: [rhel8][0m

TASK [scdrm : Run the installer] ***********************************************
[0;33mchanged: [debian10][0m
[0;33mchanged: [debian11][0m
[0;33mchanged: [ubuntu2204][0m
[0;33mchanged: [ubuntu2210][0m
[0;33mchanged: [rhel9][0m
[0;33mchanged: [rhel7][0m
[0;33mchanged: [rhel8][0m

TASK [scdrm : Remove installer] ************************************************
[0;36mskipping: [rhel7][0m
[0;36mskipping: [rhel8][0m
[0;36mskipping: [rhel9][0m
[0;36mskipping: [debian10][0m
[0;36mskipping: [debian11][0m
[0;36mskipping: [ubuntu2204][0m
[0;36mskipping: [ubuntu2210][0m

TASK [scdrm : Start SCDRM stack] ***********************************************
[0;33mchanged: [rhel7] => (item=scdrm.service)[0m
[0;33mchanged: [debian10] => (item=scdrm.service)[0m
[0;33mchanged: [debian11] => (item=scdrm.service)[0m
[0;33mchanged: [rhel9] => (item=scdrm.service)[0m
[0;33mchanged: [rhel8] => (item=scdrm.service)[0m
[0;33mchanged: [debian10] => (item=scdrm-slow-check.service)[0m
[0;33mchanged: [debian11] => (item=scdrm-slow-check.service)[0m
[0;33mchanged: [debian10] => (item=scdrm-slow-check.timer)[0m
[0;33mchanged: [rhel7] => (item=scdrm-slow-check.service)[0m
[0;33mchanged: [debian11] => (item=scdrm-slow-check.timer)[0m
[0;32mok: [rhel7] => (item=scdrm-slow-check.timer)[0m
[0;33mchanged: [ubuntu2204] => (item=scdrm.service)[0m
[0;33mchanged: [rhel9] => (item=scdrm-slow-check.service)[0m
[0;33mchanged: [ubuntu2210] => (item=scdrm.service)[0m
[0;33mchanged: [rhel8] => (item=scdrm-slow-check.service)[0m
[0;32mok: [rhel9] => (item=scdrm-slow-check.timer)[0m
[0;32mok: [rhel8] => (item=scdrm-slow-check.timer)[0m
[0;33mchanged: [ubuntu2204] => (item=scdrm-slow-check.service)[0m
[0;33mchanged: [ubuntu2210] => (item=scdrm-slow-check.service)[0m
[0;33mchanged: [ubuntu2204] => (item=scdrm-slow-check.timer)[0m
[0;33mchanged: [ubuntu2210] => (item=scdrm-slow-check.timer)[0m

TASK [scdrm : Install adminstart] **********************************************
[0;36mincluded: /home/klovric/ansible_collections/klovric/scdrm/roles/scdrm/tasks/adminstart.yml for rhel7, rhel8, rhel9, debian10, debian11, ubuntu2204, ubuntu2210[0m

TASK [scdrm : Copy adminstart RHEL7] *******************************************
[0;36mskipping: [rhel8][0m
[0;36mskipping: [rhel9][0m
[0;36mskipping: [debian10][0m
[0;36mskipping: [debian11][0m
[0;36mskipping: [ubuntu2204][0m
[0;36mskipping: [ubuntu2210][0m
[0;33mchanged: [rhel7][0m

TASK [scdrm : Copy adminstart RHEL8] *******************************************
[0;36mskipping: [rhel7][0m
[0;33mchanged: [debian10][0m
[0;33mchanged: [debian11][0m
[0;33mchanged: [rhel8][0m
[0;33mchanged: [rhel9][0m
[0;33mchanged: [ubuntu2204][0m
[0;33mchanged: [ubuntu2210][0m

TASK [scdrm : Copy adminstart1] ************************************************
[0;33mchanged: [debian10][0m
[0;33mchanged: [debian11][0m
[0;33mchanged: [rhel7][0m
[0;33mchanged: [rhel8][0m
[0;33mchanged: [rhel9][0m
[0;33mchanged: [ubuntu2210][0m
[0;33mchanged: [ubuntu2204][0m

TASK [scdrm : Copy adminstop] **************************************************
[0;33mchanged: [debian10][0m
[0;33mchanged: [debian11][0m
[0;33mchanged: [rhel7][0m
[0;33mchanged: [rhel8][0m
[0;33mchanged: [rhel9][0m
[0;33mchanged: [ubuntu2210][0m
[0;33mchanged: [ubuntu2204][0m

TASK [scdrm : Install adminstart-auto] *****************************************
[0;33mchanged: [debian10][0m
[0;33mchanged: [rhel7][0m
[0;33mchanged: [debian11][0m
[0;33mchanged: [rhel8][0m
[0;33mchanged: [rhel9][0m
[0;33mchanged: [ubuntu2210][0m
[0;33mchanged: [ubuntu2204][0m

TASK [scdrm : Install adminstop-auto] ******************************************
[0;33mchanged: [debian10][0m
[0;33mchanged: [debian11][0m
[0;33mchanged: [rhel7][0m
[0;33mchanged: [rhel8][0m
[0;33mchanged: [rhel9][0m
[0;33mchanged: [ubuntu2210][0m
[0;33mchanged: [ubuntu2204][0m

TASK [scdrm : Remove SCDRM] ****************************************************
[0;36mskipping: [rhel7][0m
[0;36mskipping: [rhel8][0m
[0;36mskipping: [rhel9][0m
[0;36mskipping: [debian10][0m
[0;36mskipping: [debian11][0m
[0;36mskipping: [ubuntu2204][0m
[0;36mskipping: [ubuntu2210][0m

TASK [scdrm : Update configuration] ********************************************
[0;36mskipping: [rhel7][0m
[0;36mskipping: [rhel8][0m
[0;36mskipping: [rhel9][0m
[0;36mskipping: [debian10][0m
[0;36mskipping: [debian11][0m
[0;36mskipping: [ubuntu2204][0m
[0;36mskipping: [ubuntu2210][0m

TASK [aide : Adminstart] *******************************************************
[0;33mchanged: [debian10][0m
[0;33mchanged: [rhel7][0m
[0;33mchanged: [debian11][0m
[0;33mchanged: [rhel8][0m
[0;33mchanged: [rhel9][0m
[0;33mchanged: [ubuntu2210][0m
[0;33mchanged: [ubuntu2204][0m

TASK [aide : Install and configure AIDE] ***************************************
[0;31mfatal: [debian10]: FAILED! => {"ansible_facts": {"pkg_mgr": "apt"}, "changed": false, "msg": ["Could not detect which major revision of yum is in use, which is required to determine module backend.", "You should manually specify use_backend to tell the module whether to use the yum (yum3) or dnf (yum4) backend})"]}[0m
[0;36m...ignoring[0m
[0;31mfatal: [debian11]: FAILED! => {"ansible_facts": {"pkg_mgr": "apt"}, "changed": false, "msg": ["Could not detect which major revision of yum is in use, which is required to determine module backend.", "You should manually specify use_backend to tell the module whether to use the yum (yum3) or dnf (yum4) backend})"]}[0m
[0;36m...ignoring[0m
[0;31mfatal: [ubuntu2210]: FAILED! => {"ansible_facts": {"pkg_mgr": "apt"}, "changed": false, "msg": ["Could not detect which major revision of yum is in use, which is required to determine module backend.", "You should manually specify use_backend to tell the module whether to use the yum (yum3) or dnf (yum4) backend})"]}[0m
[0;36m...ignoring[0m
[0;31mfatal: [ubuntu2204]: FAILED! => {"ansible_facts": {"pkg_mgr": "apt"}, "changed": false, "msg": ["Could not detect which major revision of yum is in use, which is required to determine module backend.", "You should manually specify use_backend to tell the module whether to use the yum (yum3) or dnf (yum4) backend})"]}[0m
[0;36m...ignoring[0m
[0;33mchanged: [rhel9][0m
[0;33mchanged: [rhel7][0m
[0;33mchanged: [rhel8][0m

TASK [aide : Check SELinux] ****************************************************
[0;33mchanged: [rhel7][0m
[0;31mfatal: [debian10]: FAILED! => {"changed": true, "cmd": "/usr/sbin/getenforce", "delta": "0:00:00.006777", "end": "2023-01-20 21:40:15.183468", "msg": "non-zero return code", "rc": 127, "start": "2023-01-20 21:40:15.176691", "stderr": "/bin/bash: /usr/sbin/getenforce: No such file or directory", "stderr_lines": ["/bin/bash: /usr/sbin/getenforce: No such file or directory"], "stdout": "", "stdout_lines": []}[0m
[0;36m...ignoring[0m
[0;31mfatal: [debian11]: FAILED! => {"changed": true, "cmd": "/usr/sbin/getenforce", "delta": "0:00:00.008892", "end": "2023-01-20 21:40:15.266479", "msg": "non-zero return code", "rc": 127, "start": "2023-01-20 21:40:15.257587", "stderr": "/bin/bash: line 1: /usr/sbin/getenforce: No such file or directory", "stderr_lines": ["/bin/bash: line 1: /usr/sbin/getenforce: No such file or directory"], "stdout": "", "stdout_lines": []}[0m
[0;36m...ignoring[0m
[0;33mchanged: [rhel8][0m
[0;33mchanged: [rhel9][0m
[0;31mfatal: [ubuntu2210]: FAILED! => {"changed": true, "cmd": "/usr/sbin/getenforce", "delta": "0:00:00.005380", "end": "2023-01-20 20:40:15.788936", "msg": "non-zero return code", "rc": 127, "start": "2023-01-20 20:40:15.783556", "stderr": "/bin/bash: line 1: /usr/sbin/getenforce: No such file or directory", "stderr_lines": ["/bin/bash: line 1: /usr/sbin/getenforce: No such file or directory"], "stdout": "", "stdout_lines": []}[0m
[0;36m...ignoring[0m
[0;31mfatal: [ubuntu2204]: FAILED! => {"changed": true, "cmd": "/usr/sbin/getenforce", "delta": "0:00:00.005365", "end": "2023-01-20 20:40:15.887293", "msg": "non-zero return code", "rc": 127, "start": "2023-01-20 20:40:15.881928", "stderr": "/bin/bash: line 1: /usr/sbin/getenforce: No such file or directory", "stderr_lines": ["/bin/bash: line 1: /usr/sbin/getenforce: No such file or directory"], "stdout": "", "stdout_lines": []}[0m
[0;36m...ignoring[0m

TASK [aide : Set SELinux fact] *************************************************
[0;32mok: [rhel7][0m
[0;36mskipping: [debian10][0m
[0;32mok: [rhel8][0m
[0;36mskipping: [debian11][0m
[0;32mok: [rhel9][0m
[0;36mskipping: [ubuntu2204][0m
[0;36mskipping: [ubuntu2210][0m

TASK [aide : Set SELinux fact] *************************************************
[0;36mskipping: [rhel7][0m
[0;36mskipping: [rhel8][0m
[0;36mskipping: [rhel9][0m
[0;32mok: [debian10][0m
[0;32mok: [debian11][0m
[0;32mok: [ubuntu2204][0m
[0;32mok: [ubuntu2210][0m

TASK [aide : Copy RHEL7 aide.conf] *********************************************
[0;36mskipping: [rhel8][0m
[0;36mskipping: [rhel9][0m
[0;36mskipping: [debian10][0m
[0;36mskipping: [debian11][0m
[0;36mskipping: [ubuntu2204][0m
[0;36mskipping: [ubuntu2210][0m
[0;31mAn exception occurred during task execution. To see the full traceback, use -vvv. The error was: !/var/log/httpd/[0m
[0;31mfatal: [rhel7]: FAILED! => {"changed": false, "msg": "AnsibleError: template error while templating string: expected token 'end of statement block', got '='. String: # Example configuration file for AIDE.\n\n@@define DBDIR /var/lib/aide\n@@define LOGDIR /var/log/aide\n\n# The location of the database to be read.\ndatabase=file:@@{DBDIR}/aide.db.gz\n\n# The location of the database to be written.\n#database_out=sql:host:port:database:login_name:passwd:table\n#database_out=file:aide.db.new\ndatabase_out=file:@@{DBDIR}/aide.db.new.gz\n\n# Whether to gzip the output to database.\ngzip_dbout=yes\n\n# Default.\nverbose=5\n\nreport_url=file:@@{LOGDIR}/aide.log\nreport_url=stdout\n#report_url=stderr\n#NOT IMPLEMENTED report_url=mailto:root@foo.com\n#NOT IMPLEMENTED report_url=syslog:LOG_AUTH\n\n# These are the default rules.\n#\n#p:      permissions\n#i:      inode:\n#n:      number of links\n#u:      user\n#g:      group\n#s:      size\n#b:      block count\n#m:      mtime\n#a:      atime\n#c:      ctime\n#S:      check for growing size\n#acl:           Access Control Lists\n#selinux        SELinux security context\n#xattrs:        Extended file attributes\n#md5:    md5 checksum\n#sha1:   sha1 checksum\n#sha256:        sha256 checksum\n#sha512:        sha512 checksum\n#rmd160: rmd160 checksum\n#tiger:  tiger checksum\n\n#haval:  haval checksum (MHASH only)\n#gost:   gost checksum (MHASH only)\n#crc32:  crc32 checksum (MHASH only)\n#whirlpool:     whirlpool checksum (MHASH only)\n\n{% if hasselinux = \"yes\" %}\nFIPSR = p+i+n+u+g+s+m+c+acl+selinux+xattrs+sha256\n\n#R:             p+i+n+u+g+s+m+c+acl+selinux+xattrs+md5\n#L:             p+i+n+u+g+acl+selinux+xattrs\n#E:             Empty group\n#>:             Growing logfile p+u+g+i+n+S+acl+selinux+xattrs\n\n# You can create custom rules like this.\n# With MHASH...\n# ALLXTRAHASHES = sha1+rmd160+sha256+sha512+whirlpool+tiger+haval+gost+crc32\nALLXTRAHASHES = sha1+rmd160+sha256+sha512+tiger\n\n# Everything but access time (Ie. all changes)\nEVERYTHING = R+ALLXTRAHASHES\n\n# Sane, with one good hash.\n# NORMAL = sha256\nNORMAL = sha256\n\n# For directories, don't bother doing hashes.\nDIR = p+i+n+u+g+acl+selinux+xattrs\n\n# Access control only.\nPERMS = p+u+g+acl+selinux+xattrs\n\n# Access + inode changes + file type.\nSTATIC = p+u+g+acl+selinux+xattrs+i+n+b+c+ftype\n\n# Logfiles only check access w/o xattrs.\nLOG = p+u+g+n+acl+selinux+ftype\n\n# Content + file type.\nCONTENT = sha256+ftype\n\n# Extended content + file type + access.\nCONTENT_EX = sha256+ftype+p+u+g+n+acl+selinux+xattrs\n\n# Some files get updated automatically, so the inode/ctime/mtime change\n# but we want to know when the data inside them changes.\nDATAONLY =  p+n+u+g+s+acl+selinux+xattrs+sha256\n{% endif %}\n\n{% if hasselinux = \"no\" %}\nFIPSR = p+i+n+u+g+s+m+c+acl+xattrs+sha256\n\n#R:             p+i+n+u+g+s+m+c+acl+selinux+xattrs+md5\n#L:             p+i+n+u+g+acl+selinux+xattrs\n#E:             Empty group\n#>:             Growing logfile p+u+g+i+n+S+acl+selinux+xattrs\n\n# You can create custom rules like this.\n# With MHASH...\n# ALLXTRAHASHES = sha1+rmd160+sha256+sha512+whirlpool+tiger+haval+gost+crc32\nALLXTRAHASHES = sha1+rmd160+sha256+sha512+tiger\n\n# Everything but access time (Ie. all changes)\nEVERYTHING = R+ALLXTRAHASHES\n\n# Sane, with one good hash.\n# NORMAL = sha256\nNORMAL = sha256\n\n# For directories, don't bother doing hashes.\nDIR = p+i+n+u+g+acl+xattrs\n\n# Access control only.\nPERMS = p+u+g+acl+xattrs\n\n# Access + inode changes + file type.\nSTATIC = p+u+g+acl+xattrs+i+n+b+c+ftype\n\n# Logfiles only check access w/o xattrs.\nLOG = p+u+g+n+acl+ftype\n\n# Content + file type.\nCONTENT = sha256+ftype\n\n# Extended content + file type + access.\nCONTENT_EX = sha256+ftype+p+u+g+n+acl+xattrs\n\n# Some files get updated automatically, so the inode/ctime/mtime change\n# but we want to know when the data inside them changes.\nDATAONLY =  p+n+u+g+s+acl+xattrs+sha256\n{% endif %}\n\n\n# Next decide what directories/files you want in the database. Aide\n# uses a first match system. Put file specific instructions before generic\n# matches. e.g. Put file matches before directories.\n\n/boot/   CONTENT_EX\n/bin/    CONTENT_EX\n/sbin/   CONTENT_EX\n/lib/    CONTENT_EX\n/lib64/  CONTENT_EX\n/opt/    CONTENT\n\n# Admin's dot files constantly change, just check perms.\n/root/\\..* PERMS\n# Otherwise get all of /root.\n/root/   CONTENT_EX\n\n# These are too volatile.\n!/usr/src/\n!/usr/tmp/\n# Otherwise get all of /usr.\n/usr/    CONTENT_EX\n\n# Check only permissions, user, group, seliunx for /etc, but\n# cover some important files closely.\n!/etc/mtab$\n\n# Ignore backup files\n!/etc/.*~\n\n# Excluded for SCDRM\n!/usr/bin/scdrm-install\n!/scdrm\n!/etc/.git\n!/etc/.gitignore\n!/etc/cron.allow\n!/usr/lib/systemd/.git\n!/usr/lib/systemd/.gitignore\n!/usr/lib64/security/.git\n!/usr/lib64/security/.gitignore\n!/var/log\n!/var/tmp\n!/var/run\n!/var/spool/mail\n!/var/spool/at\n!/var/spool/anacron\n!/export\n!/media\n!/nfs\n!/mnt\n!/mnt.*\n!/run\n!/tmp\n!/home\n!/proc\n!/dev\n!/sys\n!/mount\n!/mount.*\n!/u0.*\n!/oracle\n!/oraias\n!/oraias-logs\n!/tftpboot\n!/sapmnt\n!/test\n!/test.*\n!/appl\n!/webappl\n!/hana\n!/data\n!/data.*\n!/storage\n!/backup\n!/backup.*\n!/archive\n!/veeam\n!/samba\n!/cifs\n!/WAS\n\n# trusted databases\n/etc/hosts$ CONTENT_EX\n/etc/host.conf$ CONTENT_EX\n/etc/hostname$ CONTENT_EX\n/etc/issue$ CONTENT_EX\n/etc/issue.net$ CONTENT_EX\n/etc/protocols$ CONTENT_EX\n/etc/services$ CONTENT_EX\n/etc/localtime$ CONTENT_EX\n/etc/alternatives/ CONTENT_EX\n/etc/mime.types$ CONTENT_EX\n/etc/terminfo/ CONTENT_EX\n/etc/exports$  CONTENT_EX\n/etc/fstab$    CONTENT_EX\n/etc/passwd$   CONTENT_EX\n/etc/group$    CONTENT_EX\n/etc/gshadow$  CONTENT_EX\n/etc/shadow$   CONTENT_EX\n/etc/security/opasswd$   CONTENT_EX\n/etc/skel/ CONTENT_EX\n\n# networking\n/etc/hosts.allow$   CONTENT_EX\n/etc/hosts.deny$    CONTENT_EX\n/etc/firewalld/ CONTENT_EX\n/etc/NetworkManager/ CONTENT_EX\n/etc/networks$ CONTENT_EX\n/etc/dhcp/ CONTENT_EX\n/etc/wpa_supplicant/ CONTENT_EX\n/etc/resolv.conf$ DATAONLY\n/etc/nscd.conf$ NORMAL\n\n# logins and accounts\n/etc/login.defs$ CONTENT_EX\n/etc/libuser.conf$ CONTENT_EX\n/var/log/faillog$ PERMS\n/var/log/lastlog$ PERMS\n/var/run/faillock/ PERMS\n/etc/pam.d/ CONTENT_EX\n/etc/security$ CONTENT_EX\n/etc/securetty$ CONTENT_EX\n/etc/polkit-1/ CONTENT_EX\n/etc/sudo.conf$ CONTENT_EX\n/etc/sudoers$ CONTENT_EX\n/etc/sudoers.d/ CONTENT_EX\n\n# Shell/X starting files\n/etc/profile$ CONTENT_EX\n/etc/profile.d/ CONTENT_EX\n/etc/bashrc$ CONTENT_EX\n/etc/bash_completion.d/ CONTENT_EX\n/etc/zprofile$ CONTENT_EX\n/etc/zshrc$ CONTENT_EX\n/etc/zlogin$ CONTENT_EX\n/etc/zlogout$ CONTENT_EX\n/etc/X11/ CONTENT_EX\n/etc/shells$ CONTENT_EX\n\n# Pkg manager\n/etc/yum.conf$ CONTENT_EX\n/etc/yumex.conf$ CONTENT_EX\n/etc/yumex.profiles.conf$ CONTENT_EX\n/etc/yum/ CONTENT_EX\n/etc/yum.repos.d/ CONTENT_EX\n\n# This gets new/removes-old filenames daily.\n!/var/log/sa/\n# As we are checking it, we've truncated yesterdays size to zero.\n!/var/log/aide.log\n\n# auditing\n# AIDE produces an audit record, so this becomes perpetual motion.\n# /var/log/audit/ PERMS+ANF+ARF\n/etc/audit/ CONTENT_EX\n/etc/audisp/ CONTENT_EX\n/etc/libaudit.conf$ CONTENT_EX\n/etc/aide.conf$  CONTENT_EX\n\n# System logs\n/etc/rsyslog.conf$ CONTENT_EX\n/etc/rsyslog.d/ CONTENT_EX\n/etc/logrotate.conf$ CONTENT_EX\n/etc/logrotate.d/ CONTENT_EX\n/var/log/ LOG+ANF+ARF\n/var/run/utmp$ LOG\n\n# secrets\n/etc/pkcs11/ CONTENT_EX\n/etc/pki/ CONTENT_EX\n/etc/ssl/ CONTENT_EX\n/etc/certmonger/ CONTENT_EX\n\n# init system\n/etc/systemd/ CONTENT_EX\n/etc/sysconfig/ CONTENT_EX\n/etc/rc.d/ CONTENT_EX\n/etc/tmpfiles.d/ CONTENT_EX\n/etc/machine-id$ CONTENT_EX\n\n# boot config\n/etc/grub.d/ CONTENT_EX\n/etc/grub2.cfg$ CONTENT_EX\n/etc/dracut.conf$ CONTENT_EX\n/etc/dracut.conf.d/ CONTENT_EX\n\n# glibc linker\n/etc/ld.so.cache$ CONTENT_EX\n/etc/ld.so.conf$ CONTENT_EX\n/etc/ld.so.conf.d/ CONTENT_EX\n\n# kernel config\n/etc/sysctl.conf$ CONTENT_EX\n/etc/sysctl.d/ CONTENT_EX\n/etc/modprobe.d/ CONTENT_EX\n/etc/modules-load.d/ CONTENT_EX\n/etc/depmod.d/ CONTENT_EX\n/etc/udev/ CONTENT_EX\n/etc/crypttab$ CONTENT_EX\n\n#### Daemons ####\n\n# cron jobs\n/var/spool/at/ CONTENT\n/etc/at.allow$ CONTENT\n/etc/at.deny$ CONTENT\n/etc/cron.allow$ CONTENT_EX\n/etc/cron.deny$ CONTENT_EX\n/etc/cron.d/ CONTENT_EX\n/etc/cron.daily/ CONTENT_EX\n/etc/cron.hourly/ CONTENT_EX\n/etc/cron.monthly/ CONTENT_EX\n/etc/cron.weekly/ CONTENT_EX\n/etc/crontab$ CONTENT_EX\n/var/spool/cron/root/ CONTENT\n/etc/anacrontab$ CONTENT_EX\n\n# time keeping\n/etc/ntp.conf$ CONTENT_EX\n/etc/ntp/ CONTENT_EX\n/etc/chrony.conf$ CONTENT_EX\n/etc/chrony.keys$ CONTENT_EX\n\n# mail\n/etc/aliases$ CONTENT_EX\n/etc/aliases.db$ CONTENT_EX\n/etc/postfix/ CONTENT_EX\n/etc/mail.rc$ CONTENT_EX\n/etc/mailcap$ CONTENT_EX\n\n# ssh\n/etc/ssh/sshd_config$ CONTENT_EX\n/etc/ssh/ssh_config$ CONTENT_EX\n\n# stunnel\n/etc/stunnel/ CONTENT_EX\n\n# ftp\n/etc/vsftpd.conf$ CONTENT\n/etc/vsftpd/ CONTENT\n\n# printing\n/etc/cups/ CONTENT_EX\n/etc/cupshelpers/ CONTENT_EX\n/etc/avahi/ CONTENT_EX\n\n# web server\n/etc/httpd/ CONTENT_EX\n\n# dns\n/etc/named/ CONTENT_EX\n/etc/named.conf$ CONTENT_EX\n/etc/named.iscdlv.key$ CONTENT_EX\n/etc/named.rfc1912.zones$ CONTENT_EX\n/etc/named.root.key$ CONTENT_EX\n\n# xinetd\n/etc/xinetd.d/ CONTENT_EX\n\n# Now everything else in /etc.\n/etc/    PERMS\n\n# With AIDE's default verbosity level of 5, these would give lots of\n# warnings upon tree traversal. It might change with future version.\n#\n#=/lost\\+found    DIR\n#=/home           DIR\n\n# Ditto /var/log/sa/ same reason...\n!/var/log/httpd/\n"}[0m
[0;36m...ignoring[0m

TASK [aide : Copy RHEL8 aide.conf] *********************************************
[0;36mskipping: [rhel7][0m
[0;36mskipping: [rhel9][0m
[0;36mskipping: [debian10][0m
[0;36mskipping: [debian11][0m
[0;36mskipping: [ubuntu2204][0m
[0;36mskipping: [ubuntu2210][0m
[0;33mchanged: [rhel8][0m

TASK [aide : Copy RHEL9 aide.conf] *********************************************
[0;36mskipping: [rhel7][0m
[0;36mskipping: [rhel8][0m
[0;36mskipping: [debian10][0m
[0;36mskipping: [debian11][0m
[0;36mskipping: [ubuntu2204][0m
[0;36mskipping: [ubuntu2210][0m
[0;33mchanged: [rhel9][0m

TASK [aide : Copy Debian/Ubuntu aide.conf] *************************************
[0;36mskipping: [rhel7][0m
[0;36mskipping: [rhel8][0m
[0;36mskipping: [rhel9][0m
[0;33mchanged: [debian10][0m
[0;33mchanged: [debian11][0m
[0;33mchanged: [ubuntu2210][0m
[0;33mchanged: [ubuntu2204][0m

TASK [aide : Copy aide-auto-check] *********************************************
[0;33mchanged: [debian10][0m
[0;32mok: [rhel7][0m
[0;33mchanged: [debian11][0m
[0;32mok: [rhel8][0m
[0;32mok: [rhel9][0m
[0;33mchanged: [ubuntu2210][0m
[0;33mchanged: [ubuntu2204][0m

TASK [aide : AIDE init] ********************************************************
[0;31mfatal: [debian10]: FAILED! => {"changed": true, "cmd": "/usr/sbin/aide -i && mv /var/lib/aide/aide.db.new.gz /var/lib/aide/aide.db.gz", "delta": "0:00:00.006178", "end": "2023-01-20 21:40:23.200831", "msg": "non-zero return code", "rc": 127, "start": "2023-01-20 21:40:23.194653", "stderr": "/bin/bash: /usr/sbin/aide: No such file or directory", "stderr_lines": ["/bin/bash: /usr/sbin/aide: No such file or directory"], "stdout": "", "stdout_lines": []}[0m
[0;36m...ignoring[0m
[0;31mfatal: [debian11]: FAILED! => {"changed": true, "cmd": "/usr/sbin/aide -i && mv /var/lib/aide/aide.db.new.gz /var/lib/aide/aide.db.gz", "delta": "0:00:00.007524", "end": "2023-01-20 21:40:23.249448", "msg": "non-zero return code", "rc": 127, "start": "2023-01-20 21:40:23.241924", "stderr": "/bin/bash: line 1: /usr/sbin/aide: No such file or directory", "stderr_lines": ["/bin/bash: line 1: /usr/sbin/aide: No such file or directory"], "stdout": "", "stdout_lines": []}[0m
[0;36m...ignoring[0m
[0;31mfatal: [ubuntu2210]: FAILED! => {"changed": true, "cmd": "/usr/sbin/aide -i && mv /var/lib/aide/aide.db.new.gz /var/lib/aide/aide.db.gz", "delta": "0:00:00.006929", "end": "2023-01-20 20:40:23.795914", "msg": "non-zero return code", "rc": 127, "start": "2023-01-20 20:40:23.788985", "stderr": "/bin/bash: line 1: /usr/sbin/aide: No such file or directory", "stderr_lines": ["/bin/bash: line 1: /usr/sbin/aide: No such file or directory"], "stdout": "", "stdout_lines": []}[0m
[0;36m...ignoring[0m
[0;31mfatal: [ubuntu2204]: FAILED! => {"changed": true, "cmd": "/usr/sbin/aide -i && mv /var/lib/aide/aide.db.new.gz /var/lib/aide/aide.db.gz", "delta": "0:00:00.010512", "end": "2023-01-20 20:40:23.892838", "msg": "non-zero return code", "rc": 127, "start": "2023-01-20 20:40:23.882326", "stderr": "/bin/bash: line 1: /usr/sbin/aide: No such file or directory", "stderr_lines": ["/bin/bash: line 1: /usr/sbin/aide: No such file or directory"], "stdout": "", "stdout_lines": []}[0m
[0;36m...ignoring[0m
[0;33mchanged: [rhel9][0m
[0;33mchanged: [rhel8][0m
[0;33mchanged: [rhel7][0m

TASK [aide : Setup AIDE check RHEL7] *******************************************
[0;36mskipping: [rhel8][0m
[0;36mskipping: [rhel9][0m
[0;36mskipping: [debian10][0m
[0;36mskipping: [debian11][0m
[0;36mskipping: [ubuntu2204][0m
[0;36mskipping: [ubuntu2210][0m
[0;33mchanged: [rhel7][0m

TASK [aide : Setup AIDE check RHEL89] ******************************************
[0;36mskipping: [rhel7][0m
[0;33mchanged: [debian10][0m
[0;33mchanged: [debian11][0m
[0;33mchanged: [ubuntu2204][0m
[0;33mchanged: [rhel8][0m
[0;33mchanged: [rhel9][0m
[0;33mchanged: [ubuntu2210][0m

TASK [aide : Setup AIDE check timer] *******************************************
[0;33mchanged: [debian10][0m
[0;33mchanged: [rhel7][0m
[0;33mchanged: [debian11][0m
[0;33mchanged: [rhel8][0m
[0;33mchanged: [rhel9][0m
[0;33mchanged: [ubuntu2204][0m
[0;33mchanged: [ubuntu2210][0m

TASK [aide : Setup AIDE auto-check] ********************************************
[0;33mchanged: [debian10][0m
[0;33mchanged: [debian11][0m
[0;33mchanged: [rhel7][0m
[0;33mchanged: [rhel8][0m
[0;33mchanged: [rhel9][0m
[0;33mchanged: [ubuntu2204][0m
[0;33mchanged: [ubuntu2210][0m

TASK [aide : Setup AIDE auto-check timer] **************************************
[0;33mchanged: [debian10][0m
[0;33mchanged: [rhel7][0m
[0;33mchanged: [debian11][0m
[0;33mchanged: [rhel8][0m
[0;33mchanged: [rhel9][0m
[0;33mchanged: [ubuntu2204][0m
[0;33mchanged: [ubuntu2210][0m

TASK [aide : Commit AIDE install] **********************************************
[0;31mfatal: [debian10]: FAILED! => {"changed": true, "cmd": "cd /etc && git add aide.conf logrotate.d/aide && git commit -a -m \"Aide installed\"", "delta": "0:00:00.006335", "end": "2023-01-20 21:40:54.025046", "msg": "non-zero return code", "rc": 127, "start": "2023-01-20 21:40:54.018711", "stderr": "/bin/bash: git: command not found", "stderr_lines": ["/bin/bash: git: command not found"], "stdout": "", "stdout_lines": []}[0m
[0;36m...ignoring[0m
[0;33mchanged: [rhel7][0m
[0;31mfatal: [debian11]: FAILED! => {"changed": true, "cmd": "cd /etc && git add aide.conf logrotate.d/aide && git commit -a -m \"Aide installed\"", "delta": "0:00:00.007102", "end": "2023-01-20 21:40:54.105682", "msg": "non-zero return code", "rc": 127, "start": "2023-01-20 21:40:54.098580", "stderr": "/bin/bash: line 1: git: command not found", "stderr_lines": ["/bin/bash: line 1: git: command not found"], "stdout": "", "stdout_lines": []}[0m
[0;36m...ignoring[0m
[0;33mchanged: [rhel8][0m
[0;33mchanged: [rhel9][0m
[0;31mfatal: [ubuntu2204]: FAILED! => {"changed": true, "cmd": "cd /etc && git add aide.conf logrotate.d/aide && git commit -a -m \"Aide installed\"", "delta": "0:00:00.005070", "end": "2023-01-20 20:40:54.571817", "msg": "non-zero return code", "rc": 127, "start": "2023-01-20 20:40:54.566747", "stderr": "/bin/bash: line 1: git: command not found", "stderr_lines": ["/bin/bash: line 1: git: command not found"], "stdout": "", "stdout_lines": []}[0m
[0;36m...ignoring[0m
[0;31mfatal: [ubuntu2210]: FAILED! => {"changed": true, "cmd": "cd /etc && git add aide.conf logrotate.d/aide && git commit -a -m \"Aide installed\"", "delta": "0:00:00.005415", "end": "2023-01-20 20:40:54.584914", "msg": "non-zero return code", "rc": 127, "start": "2023-01-20 20:40:54.579499", "stderr": "/bin/bash: line 1: git: command not found", "stderr_lines": ["/bin/bash: line 1: git: command not found"], "stdout": "", "stdout_lines": []}[0m
[0;36m...ignoring[0m

TASK [aide : Service start] ****************************************************
[0;33mchanged: [rhel7] => (item=aide-check.timer)[0m
[0;33mchanged: [debian10] => (item=aide-check.timer)[0m
[0;33mchanged: [debian11] => (item=aide-check.timer)[0m
[0;33mchanged: [rhel9] => (item=aide-check.timer)[0m
[0;33mchanged: [rhel8] => (item=aide-check.timer)[0m
[0;33mchanged: [rhel7] => (item=aide-check.service)[0m
[0;33mchanged: [debian10] => (item=aide-check.service)[0m
[0;33mchanged: [debian11] => (item=aide-check.service)[0m
[0;33mchanged: [rhel9] => (item=aide-check.service)[0m
[0;33mchanged: [rhel8] => (item=aide-check.service)[0m
[0;33mchanged: [ubuntu2204] => (item=aide-check.timer)[0m
[0;33mchanged: [ubuntu2210] => (item=aide-check.timer)[0m
[0;33mchanged: [ubuntu2204] => (item=aide-check.service)[0m
[0;33mchanged: [ubuntu2210] => (item=aide-check.service)[0m

TASK [aide : Adminstop] ********************************************************
[0;33mchanged: [debian11][0m
[0;33mchanged: [debian10][0m
[0;33mchanged: [ubuntu2204][0m
[0;33mchanged: [ubuntu2210][0m
[0;33mchanged: [rhel9][0m
[0;33mchanged: [rhel7][0m
[0;33mchanged: [rhel8][0m

PLAY RECAP *********************************************************************
[0;33mdebian10[0m                   : [0;32mok=47  [0m [0;33mchanged=32  [0m unreachable=0    failed=0    [0;36mskipped=14  [0m rescued=0    [1;35mignored=12  [0m
[0;33mdebian11[0m                   : [0;32mok=47  [0m [0;33mchanged=32  [0m unreachable=0    failed=0    [0;36mskipped=14  [0m rescued=0    [1;35mignored=12  [0m
[0;33mrhel7[0m                      : [0;32mok=51  [0m [0;33mchanged=35  [0m unreachable=0    failed=0    [0;36mskipped=10  [0m rescued=0    [1;35mignored=1   [0m
[0;33mrhel8[0m                      : [0;32mok=49  [0m [0;33mchanged=37  [0m unreachable=0    failed=0    [0;36mskipped=12  [0m rescued=0    ignored=0   
[0;33mrhel9[0m                      : [0;32mok=49  [0m [0;33mchanged=37  [0m unreachable=0    failed=0    [0;36mskipped=12  [0m rescued=0    ignored=0   
[0;33mubuntu2204[0m                 : [0;32mok=47  [0m [0;33mchanged=32  [0m unreachable=0    failed=0    [0;36mskipped=14  [0m rescued=0    [1;35mignored=12  [0m
[0;33mubuntu2210[0m                 : [0;32mok=47  [0m [0;33mchanged=32  [0m unreachable=0    failed=0    [0;36mskipped=14  [0m rescued=0    [1;35mignored=12  [0m

