
PLAY [Manage SCDRM] ************************************************************

TASK [get_kernel : Get kernel version] *****************************************
[0;32mok: [debian10][0m
[0;32mok: [debian11][0m
[0;32mok: [rhel7][0m
[0;32mok: [rhel8][0m
[0;32mok: [rhel9][0m
[0;32mok: [ubuntu2204][0m
[0;32mok: [ubuntu2210][0m

TASK [get_kernel : Get distribution] *******************************************
[0;32mok: [debian10][0m
[0;32mok: [debian11][0m
[0;32mok: [rhel7][0m
[0;32mok: [rhel8][0m
[0;32mok: [rhel9][0m
[0;32mok: [ubuntu2204][0m
[0;32mok: [ubuntu2210][0m

TASK [skip_host : Skip host due to critical task failure] **********************
[0;36mskipping: [rhel7][0m

TASK [skip_host : Skip host due to critical task failure] **********************
[0;36mskipping: [rhel8][0m

TASK [skip_host : Skip host due to critical task failure] **********************
[0;36mskipping: [rhel9][0m

TASK [skip_host : Skip host due to critical task failure] **********************
[0;36mskipping: [debian10][0m

TASK [skip_host : Skip host due to critical task failure] **********************
[0;36mskipping: [debian11][0m

TASK [skip_host : Skip host due to critical task failure] **********************
[0;36mskipping: [ubuntu2204][0m

TASK [skip_host : Skip host due to critical task failure] **********************
[0;36mskipping: [ubuntu2210][0m

TASK [terminal_logger : Install util-linux] ************************************
[0;36mskipping: [rhel7][0m
[0;36mskipping: [rhel8][0m
[0;36mskipping: [rhel9][0m
[0;36mskipping: [debian10][0m
[0;36mskipping: [debian11][0m
[0;36mskipping: [ubuntu2204][0m
[0;36mskipping: [ubuntu2210][0m

TASK [terminal_logger : Install tlog] ******************************************
[0;36mskipping: [rhel7][0m
[0;36mskipping: [rhel8][0m
[0;36mskipping: [rhel9][0m
[0;36mskipping: [debian10][0m
[0;36mskipping: [debian11][0m
[0;36mskipping: [ubuntu2204][0m
[0;36mskipping: [ubuntu2210][0m

TASK [terminal_logger : Install bsdutils] **************************************
[0;36mskipping: [rhel7][0m
[0;36mskipping: [rhel8][0m
[0;36mskipping: [rhel9][0m
[0;36mskipping: [debian10][0m
[0;36mskipping: [debian11][0m
[0;36mskipping: [ubuntu2204][0m
[0;36mskipping: [ubuntu2210][0m

TASK [route_guard : Check network service] *************************************
[0;36mskipping: [rhel7][0m
[0;36mskipping: [rhel8][0m
[0;36mskipping: [rhel9][0m
[0;36mskipping: [debian10][0m
[0;36mskipping: [debian11][0m
[0;36mskipping: [ubuntu2204][0m
[0;36mskipping: [ubuntu2210][0m

TASK [route_guard : Check NetworkManager service] ******************************
[0;36mskipping: [rhel7][0m
[0;36mskipping: [rhel8][0m
[0;36mskipping: [rhel9][0m
[0;36mskipping: [debian10][0m
[0;36mskipping: [debian11][0m
[0;36mskipping: [ubuntu2204][0m
[0;36mskipping: [ubuntu2210][0m

TASK [route_guard : Check networking service] **********************************
[0;36mskipping: [rhel7][0m
[0;36mskipping: [rhel8][0m
[0;36mskipping: [rhel9][0m
[0;36mskipping: [debian10][0m
[0;36mskipping: [debian11][0m
[0;36mskipping: [ubuntu2204][0m
[0;36mskipping: [ubuntu2210][0m

TASK [route_guard : Check systemd-networkd.service] ****************************
[0;36mskipping: [rhel7][0m
[0;36mskipping: [rhel8][0m
[0;36mskipping: [rhel9][0m
[0;36mskipping: [debian10][0m
[0;36mskipping: [debian11][0m
[0;36mskipping: [ubuntu2204][0m
[0;36mskipping: [ubuntu2210][0m

TASK [route_guard : Set fact] **************************************************
[0;36mskipping: [rhel7][0m
[0;36mskipping: [rhel8][0m
[0;36mskipping: [rhel9][0m
[0;36mskipping: [debian10][0m
[0;36mskipping: [debian11][0m
[0;36mskipping: [ubuntu2204][0m
[0;36mskipping: [ubuntu2210][0m

TASK [route_guard : Set fact] **************************************************
[0;36mskipping: [rhel7][0m
[0;36mskipping: [rhel8][0m
[0;36mskipping: [rhel9][0m
[0;36mskipping: [debian10][0m
[0;36mskipping: [debian11][0m
[0;36mskipping: [ubuntu2204][0m
[0;36mskipping: [ubuntu2210][0m

TASK [route_guard : Set fact] **************************************************
[0;36mskipping: [rhel7][0m
[0;36mskipping: [rhel8][0m
[0;36mskipping: [rhel9][0m
[0;36mskipping: [debian10][0m
[0;36mskipping: [debian11][0m
[0;36mskipping: [ubuntu2204][0m
[0;36mskipping: [ubuntu2210][0m

TASK [route_guard : Set fact] **************************************************
[0;36mskipping: [rhel7][0m
[0;36mskipping: [rhel8][0m
[0;36mskipping: [rhel9][0m
[0;36mskipping: [debian10][0m
[0;36mskipping: [debian11][0m
[0;36mskipping: [ubuntu2204][0m
[0;36mskipping: [ubuntu2210][0m

TASK [route_guard : Install route-guard] ***************************************
[0;36mskipping: [rhel7][0m
[0;36mskipping: [rhel8][0m
[0;36mskipping: [rhel9][0m
[0;36mskipping: [debian10][0m
[0;36mskipping: [debian11][0m
[0;36mskipping: [ubuntu2204][0m
[0;36mskipping: [ubuntu2210][0m

TASK [scdrm : Install SCDRM] ***************************************************
[0;36mskipping: [rhel7][0m
[0;36mskipping: [rhel8][0m
[0;36mskipping: [rhel9][0m
[0;36mskipping: [debian10][0m
[0;36mskipping: [debian11][0m
[0;36mskipping: [ubuntu2204][0m
[0;36mskipping: [ubuntu2210][0m

TASK [scdrm : Install adminstart] **********************************************
[0;36mskipping: [rhel7][0m
[0;36mskipping: [rhel8][0m
[0;36mskipping: [rhel9][0m
[0;36mskipping: [debian10][0m
[0;36mskipping: [debian11][0m
[0;36mskipping: [ubuntu2204][0m
[0;36mskipping: [ubuntu2210][0m

TASK [scdrm : Remove SCDRM] ****************************************************
[0;36mincluded: /home/klovric/scdrm/roles/scdrm/tasks/remove.yml for rhel7, rhel8, rhel9, debian10, debian11, ubuntu2204, ubuntu2210[0m

TASK [scdrm : Prepare files for deletion] **************************************
[0;33mchanged: [debian10] => (item=/scdrm)[0m
[0;33mchanged: [debian11] => (item=/scdrm)[0m
[0;33mchanged: [rhel7] => (item=/scdrm)[0m
[0;33mchanged: [rhel8] => (item=/scdrm)[0m
[0;33mchanged: [debian10] => (item=/etc/scdrm)[0m
[0;33mchanged: [rhel9] => (item=/scdrm)[0m
[0;33mchanged: [debian11] => (item=/etc/scdrm)[0m
[0;33mchanged: [rhel7] => (item=/etc/scdrm)[0m
[0;33mchanged: [debian10] => (item=/etc/aide.conf)[0m
[0;33mchanged: [debian11] => (item=/etc/aide.conf)[0m
[0;33mchanged: [rhel8] => (item=/etc/scdrm)[0m
[0;33mchanged: [rhel7] => (item=/etc/aide.conf)[0m
[0;33mchanged: [debian10] => (item=/etc/aide/aide.conf.d/98_aide_scdrm)[0m
[0;33mchanged: [rhel9] => (item=/etc/scdrm)[0m
[0;33mchanged: [debian11] => (item=/etc/aide/aide.conf.d/98_aide_scdrm)[0m
[0;33mchanged: [rhel8] => (item=/etc/aide.conf)[0m
[0;33mchanged: [debian10] => (item=/var/log/scdrm)[0m
[0;33mchanged: [rhel7] => (item=/etc/aide/aide.conf.d/98_aide_scdrm)[0m
[0;33mchanged: [debian11] => (item=/var/log/scdrm)[0m
[0;33mchanged: [debian10] => (item=/var/log/aide)[0m
[0;33mchanged: [debian11] => (item=/var/log/aide)[0m
[0;33mchanged: [rhel7] => (item=/var/log/scdrm)[0m
[0;33mchanged: [rhel9] => (item=/etc/aide.conf)[0m
[0;33mchanged: [rhel8] => (item=/etc/aide/aide.conf.d/98_aide_scdrm)[0m
[0;33mchanged: [debian10] => (item=/etc/logrotate.d/scdrm)[0m
[0;33mchanged: [debian11] => (item=/etc/logrotate.d/scdrm)[0m
[0;33mchanged: [rhel7] => (item=/var/log/aide)[0m
[0;33mchanged: [debian10] => (item=/etc/systemd/system/scdrm.service)[0m
[0;33mchanged: [debian11] => (item=/etc/systemd/system/scdrm.service)[0m
[0;33mchanged: [rhel9] => (item=/etc/aide/aide.conf.d/98_aide_scdrm)[0m
[0;33mchanged: [rhel8] => (item=/var/log/scdrm)[0m
[0;33mchanged: [debian10] => (item=/etc/systemd/system/scdrm.service.wants)[0m
[0;33mchanged: [rhel7] => (item=/etc/logrotate.d/scdrm)[0m
[0;33mchanged: [debian11] => (item=/etc/systemd/system/scdrm.service.wants)[0m
[0;33mchanged: [debian10] => (item=/etc/systemd/system/timers.target.wants/aide-auto-check.timer)[0m
[0;33mchanged: [rhel8] => (item=/var/log/aide)[0m
[0;33mchanged: [rhel7] => (item=/etc/systemd/system/scdrm.service)[0m
[0;33mchanged: [rhel9] => (item=/var/log/scdrm)[0m
[0;33mchanged: [debian11] => (item=/etc/systemd/system/timers.target.wants/aide-auto-check.timer)[0m
[0;33mchanged: [debian10] => (item=/etc/systemd/system/timers.target.wants/aide-check.timer)[0m
[0;33mchanged: [rhel7] => (item=/etc/systemd/system/scdrm.service.wants)[0m
[0;33mchanged: [debian11] => (item=/etc/systemd/system/timers.target.wants/aide-check.timer)[0m
[0;33mchanged: [debian10] => (item=/etc/systemd/system/timers.target.wants/scdrm-slow-check.timer)[0m
[0;33mchanged: [rhel8] => (item=/etc/logrotate.d/scdrm)[0m
[0;33mchanged: [rhel9] => (item=/var/log/aide)[0m
[0;33mchanged: [debian11] => (item=/etc/systemd/system/timers.target.wants/scdrm-slow-check.timer)[0m
[0;33mchanged: [rhel7] => (item=/etc/systemd/system/timers.target.wants/aide-auto-check.timer)[0m
[0;33mchanged: [debian10] => (item=/etc/systemd/system/scdrm-slow-check.service)[0m
[0;33mchanged: [debian11] => (item=/etc/systemd/system/scdrm-slow-check.service)[0m
[0;33mchanged: [rhel8] => (item=/etc/systemd/system/scdrm.service)[0m
[0;33mchanged: [debian10] => (item=/etc/systemd/system/scdrm-slow-check.timer)[0m
[0;33mchanged: [rhel7] => (item=/etc/systemd/system/timers.target.wants/aide-check.timer)[0m
[0;33mchanged: [debian11] => (item=/etc/systemd/system/scdrm-slow-check.timer)[0m
[0;33mchanged: [debian10] => (item=/etc/systemd/system/aide-check.timer)[0m
[0;33mchanged: [rhel9] => (item=/etc/logrotate.d/scdrm)[0m
[0;33mchanged: [rhel7] => (item=/etc/systemd/system/timers.target.wants/scdrm-slow-check.timer)[0m
[0;33mchanged: [rhel8] => (item=/etc/systemd/system/scdrm.service.wants)[0m
[0;33mchanged: [debian10] => (item=/etc/systemd/system/aide-check.service)[0m
[0;33mchanged: [debian11] => (item=/etc/systemd/system/aide-check.timer)[0m
[0;33mchanged: [rhel7] => (item=/etc/systemd/system/scdrm-slow-check.service)[0m
[0;33mchanged: [debian10] => (item=/etc/systemd/system/aide-auto-check.service)[0m
[0;33mchanged: [debian11] => (item=/etc/systemd/system/aide-check.service)[0m
[0;33mchanged: [rhel8] => (item=/etc/systemd/system/timers.target.wants/aide-auto-check.timer)[0m
[0;33mchanged: [rhel9] => (item=/etc/systemd/system/scdrm.service)[0m
[0;33mchanged: [debian10] => (item=/etc/systemd/system/aide-auto-check.timer)[0m
[0;33mchanged: [rhel7] => (item=/etc/systemd/system/scdrm-slow-check.timer)[0m
[0;33mchanged: [debian11] => (item=/etc/systemd/system/aide-auto-check.service)[0m
[0;33mchanged: [debian10] => (item=/usr/local/bin/adminstart)[0m
[0;33mchanged: [debian11] => (item=/etc/systemd/system/aide-auto-check.timer)[0m
[0;33mchanged: [rhel8] => (item=/etc/systemd/system/timers.target.wants/aide-check.timer)[0m
[0;33mchanged: [rhel7] => (item=/etc/systemd/system/aide-check.timer)[0m
[0;33mchanged: [rhel9] => (item=/etc/systemd/system/scdrm.service.wants)[0m
[0;33mchanged: [debian10] => (item=/usr/local/sbin/scdrmd)[0m
[0;33mchanged: [debian11] => (item=/usr/local/bin/adminstart)[0m
[0;33mchanged: [debian10] => (item=/usr/local/sbin/adminstart1)[0m
[0;33mchanged: [rhel7] => (item=/etc/systemd/system/aide-check.service)[0m
[0;33mchanged: [rhel8] => (item=/etc/systemd/system/timers.target.wants/scdrm-slow-check.timer)[0m
[0;33mchanged: [debian11] => (item=/usr/local/sbin/scdrmd)[0m
[0;33mchanged: [debian10] => (item=/usr/local/sbin/adminstop)[0m
[0;33mchanged: [rhel7] => (item=/etc/systemd/system/aide-auto-check.service)[0m
[0;33mchanged: [debian11] => (item=/usr/local/sbin/adminstart1)[0m
[0;33mchanged: [rhel9] => (item=/etc/systemd/system/timers.target.wants/aide-auto-check.timer)[0m
[0;33mchanged: [debian10] => (item=/usr/local/sbin/adminstart-auto)[0m
[0;33mchanged: [rhel8] => (item=/etc/systemd/system/scdrm-slow-check.service)[0m
[0;33mchanged: [rhel7] => (item=/etc/systemd/system/aide-auto-check.timer)[0m
[0;33mchanged: [debian10] => (item=/usr/local/sbin/adminstop-auto)[0m
[0;33mchanged: [debian11] => (item=/usr/local/sbin/adminstop)[0m
[0;33mchanged: [rhel9] => (item=/etc/systemd/system/timers.target.wants/aide-check.timer)[0m
[0;33mchanged: [debian10] => (item=/usr/local/sbin/scdrm-install)[0m
[0;33mchanged: [rhel8] => (item=/etc/systemd/system/scdrm-slow-check.timer)[0m
[0;33mchanged: [debian11] => (item=/usr/local/sbin/adminstart-auto)[0m
[0;33mchanged: [rhel7] => (item=/usr/local/bin/adminstart)[0m
[0;33mchanged: [debian10] => (item=/usr/local/sbin/scdrm-slow)[0m
[0;33mchanged: [debian11] => (item=/usr/local/sbin/adminstop-auto)[0m
[0;33mchanged: [rhel7] => (item=/usr/local/sbin/scdrmd)[0m
[0;33mchanged: [rhel8] => (item=/etc/systemd/system/aide-check.timer)[0m
[0;33mchanged: [debian10] => (item=/usr/local/sbin/scdrm-fast)[0m
[0;33mchanged: [rhel9] => (item=/etc/systemd/system/timers.target.wants/scdrm-slow-check.timer)[0m
[0;33mchanged: [debian11] => (item=/usr/local/sbin/scdrm-install)[0m
[0;33mchanged: [rhel7] => (item=/usr/local/sbin/adminstart1)[0m
[0;33mchanged: [debian10] => (item=/usr/local/sbin/scdrm-gitcron)[0m
[0;33mchanged: [debian11] => (item=/usr/local/sbin/scdrm-slow)[0m
[0;33mchanged: [rhel8] => (item=/etc/systemd/system/aide-check.service)[0m
[0;33mchanged: [debian10] => (item=/usr/local/sbin/scdrm-service-restart)[0m
[0;33mchanged: [rhel7] => (item=/usr/local/sbin/adminstop)[0m
[0;33mchanged: [debian11] => (item=/usr/local/sbin/scdrm-fast)[0m
[0;33mchanged: [rhel9] => (item=/etc/systemd/system/scdrm-slow-check.service)[0m
[0;33mchanged: [debian10] => (item=/usr/local/sbin/scdrm-commit-hostvars)[0m
[0;33mchanged: [rhel8] => (item=/etc/systemd/system/aide-auto-check.service)[0m
[0;33mchanged: [rhel7] => (item=/usr/local/sbin/adminstart-auto)[0m
[0;33mchanged: [debian11] => (item=/usr/local/sbin/scdrm-gitcron)[0m
[0;33mchanged: [debian10] => (item=/usr/local/sbin/scdrm-paranoid)[0m
[0;33mchanged: [debian11] => (item=/usr/local/sbin/scdrm-service-restart)[0m
[0;33mchanged: [debian10] => (item=/usr/local/sbin/route-guard)[0m
[0;33mchanged: [rhel7] => (item=/usr/local/sbin/adminstop-auto)[0m
[0;33mchanged: [rhel9] => (item=/etc/systemd/system/scdrm-slow-check.timer)[0m
[0;33mchanged: [rhel8] => (item=/etc/systemd/system/aide-auto-check.timer)[0m
[0;33mchanged: [debian10] => (item=/usr/local/sbin/bash-guard)[0m
[0;33mchanged: [debian11] => (item=/usr/local/sbin/scdrm-commit-hostvars)[0m
[0;33mchanged: [rhel7] => (item=/usr/local/sbin/scdrm-install)[0m
[0;33mchanged: [debian10] => (item=/usr/local/sbin/aide-auto-check)[0m
[0;33mchanged: [debian11] => (item=/usr/local/sbin/scdrm-paranoid)[0m
[0;33mchanged: [rhel9] => (item=/etc/systemd/system/aide-check.timer)[0m
[0;33mchanged: [rhel8] => (item=/usr/local/bin/adminstart)[0m
[0;33mchanged: [rhel7] => (item=/usr/local/sbin/scdrm-slow)[0m
[0;33mchanged: [debian11] => (item=/usr/local/sbin/route-guard)[0m
[0;33mchanged: [ubuntu2204] => (item=/scdrm)[0m
[0;33mchanged: [rhel7] => (item=/usr/local/sbin/scdrm-fast)[0m
[0;33mchanged: [debian11] => (item=/usr/local/sbin/bash-guard)[0m
[0;33mchanged: [rhel8] => (item=/usr/local/sbin/scdrmd)[0m
[0;33mchanged: [ubuntu2204] => (item=/etc/scdrm)[0m
[0;33mchanged: [rhel9] => (item=/etc/systemd/system/aide-check.service)[0m
[0;33mchanged: [debian11] => (item=/usr/local/sbin/aide-auto-check)[0m
[0;33mchanged: [ubuntu2204] => (item=/etc/aide.conf)[0m
[0;33mchanged: [rhel7] => (item=/usr/local/sbin/scdrm-gitcron)[0m
[0;33mchanged: [rhel8] => (item=/usr/local/sbin/adminstart1)[0m
[0;33mchanged: [ubuntu2204] => (item=/etc/aide/aide.conf.d/98_aide_scdrm)[0m
[0;33mchanged: [rhel9] => (item=/etc/systemd/system/aide-auto-check.service)[0m
[0;33mchanged: [ubuntu2210] => (item=/scdrm)[0m
[0;33mchanged: [rhel7] => (item=/usr/local/sbin/scdrm-service-restart)[0m
[0;33mchanged: [ubuntu2204] => (item=/var/log/scdrm)[0m
[0;33mchanged: [rhel8] => (item=/usr/local/sbin/adminstop)[0m
[0;33mchanged: [ubuntu2210] => (item=/etc/scdrm)[0m
[0;33mchanged: [rhel7] => (item=/usr/local/sbin/scdrm-commit-hostvars)[0m
[0;33mchanged: [ubuntu2204] => (item=/var/log/aide)[0m
[0;33mchanged: [rhel9] => (item=/etc/systemd/system/aide-auto-check.timer)[0m
[0;33mchanged: [ubuntu2210] => (item=/etc/aide.conf)[0m
[0;33mchanged: [rhel8] => (item=/usr/local/sbin/adminstart-auto)[0m
[0;33mchanged: [rhel7] => (item=/usr/local/sbin/scdrm-paranoid)[0m
[0;33mchanged: [ubuntu2204] => (item=/etc/logrotate.d/scdrm)[0m
[0;33mchanged: [ubuntu2210] => (item=/etc/aide/aide.conf.d/98_aide_scdrm)[0m
[0;33mchanged: [rhel7] => (item=/usr/local/sbin/route-guard)[0m
[0;33mchanged: [rhel9] => (item=/usr/local/bin/adminstart)[0m
[0;33mchanged: [rhel8] => (item=/usr/local/sbin/adminstop-auto)[0m
[0;33mchanged: [ubuntu2204] => (item=/etc/systemd/system/scdrm.service)[0m
[0;33mchanged: [ubuntu2210] => (item=/var/log/scdrm)[0m
[0;33mchanged: [rhel7] => (item=/usr/local/sbin/bash-guard)[0m
[0;33mchanged: [ubuntu2210] => (item=/var/log/aide)[0m
[0;33mchanged: [ubuntu2204] => (item=/etc/systemd/system/scdrm.service.wants)[0m
[0;33mchanged: [rhel8] => (item=/usr/local/sbin/scdrm-install)[0m
[0;33mchanged: [rhel9] => (item=/usr/local/sbin/scdrmd)[0m
[0;33mchanged: [rhel7] => (item=/usr/local/sbin/aide-auto-check)[0m
[0;33mchanged: [ubuntu2204] => (item=/etc/systemd/system/timers.target.wants/aide-auto-check.timer)[0m
[0;33mchanged: [ubuntu2210] => (item=/etc/logrotate.d/scdrm)[0m
[0;33mchanged: [rhel8] => (item=/usr/local/sbin/scdrm-slow)[0m
[0;33mchanged: [ubuntu2204] => (item=/etc/systemd/system/timers.target.wants/aide-check.timer)[0m
[0;33mchanged: [ubuntu2210] => (item=/etc/systemd/system/scdrm.service)[0m
[0;33mchanged: [rhel9] => (item=/usr/local/sbin/adminstart1)[0m
[0;33mchanged: [ubuntu2204] => (item=/etc/systemd/system/timers.target.wants/scdrm-slow-check.timer)[0m
[0;33mchanged: [ubuntu2210] => (item=/etc/systemd/system/scdrm.service.wants)[0m
[0;33mchanged: [rhel8] => (item=/usr/local/sbin/scdrm-fast)[0m
[0;33mchanged: [ubuntu2204] => (item=/etc/systemd/system/scdrm-slow-check.service)[0m
[0;33mchanged: [ubuntu2210] => (item=/etc/systemd/system/timers.target.wants/aide-auto-check.timer)[0m
[0;33mchanged: [rhel9] => (item=/usr/local/sbin/adminstop)[0m
[0;33mchanged: [ubuntu2204] => (item=/etc/systemd/system/scdrm-slow-check.timer)[0m
[0;33mchanged: [rhel8] => (item=/usr/local/sbin/scdrm-gitcron)[0m
[0;33mchanged: [ubuntu2210] => (item=/etc/systemd/system/timers.target.wants/aide-check.timer)[0m
[0;33mchanged: [ubuntu2204] => (item=/etc/systemd/system/aide-check.timer)[0m
[0;33mchanged: [ubuntu2210] => (item=/etc/systemd/system/timers.target.wants/scdrm-slow-check.timer)[0m
[0;33mchanged: [rhel9] => (item=/usr/local/sbin/adminstart-auto)[0m
[0;33mchanged: [rhel8] => (item=/usr/local/sbin/scdrm-service-restart)[0m
[0;33mchanged: [ubuntu2204] => (item=/etc/systemd/system/aide-check.service)[0m
[0;33mchanged: [ubuntu2210] => (item=/etc/systemd/system/scdrm-slow-check.service)[0m
[0;33mchanged: [ubuntu2204] => (item=/etc/systemd/system/aide-auto-check.service)[0m
[0;33mchanged: [rhel8] => (item=/usr/local/sbin/scdrm-commit-hostvars)[0m
[0;33mchanged: [rhel9] => (item=/usr/local/sbin/adminstop-auto)[0m
[0;33mchanged: [ubuntu2210] => (item=/etc/systemd/system/scdrm-slow-check.timer)[0m
[0;33mchanged: [ubuntu2204] => (item=/etc/systemd/system/aide-auto-check.timer)[0m
[0;33mchanged: [ubuntu2210] => (item=/etc/systemd/system/aide-check.timer)[0m
[0;33mchanged: [rhel8] => (item=/usr/local/sbin/scdrm-paranoid)[0m
[0;33mchanged: [ubuntu2204] => (item=/usr/local/bin/adminstart)[0m
[0;33mchanged: [rhel9] => (item=/usr/local/sbin/scdrm-install)[0m
[0;33mchanged: [ubuntu2210] => (item=/etc/systemd/system/aide-check.service)[0m
[0;33mchanged: [ubuntu2204] => (item=/usr/local/sbin/scdrmd)[0m
[0;33mchanged: [rhel8] => (item=/usr/local/sbin/route-guard)[0m
[0;33mchanged: [ubuntu2210] => (item=/etc/systemd/system/aide-auto-check.service)[0m
[0;33mchanged: [ubuntu2204] => (item=/usr/local/sbin/adminstart1)[0m
[0;33mchanged: [rhel9] => (item=/usr/local/sbin/scdrm-slow)[0m
[0;33mchanged: [ubuntu2210] => (item=/etc/systemd/system/aide-auto-check.timer)[0m
[0;33mchanged: [ubuntu2204] => (item=/usr/local/sbin/adminstop)[0m
[0;33mchanged: [rhel8] => (item=/usr/local/sbin/bash-guard)[0m
[0;33mchanged: [ubuntu2210] => (item=/usr/local/bin/adminstart)[0m
[0;33mchanged: [ubuntu2204] => (item=/usr/local/sbin/adminstart-auto)[0m
[0;33mchanged: [rhel9] => (item=/usr/local/sbin/scdrm-fast)[0m
[0;33mchanged: [rhel8] => (item=/usr/local/sbin/aide-auto-check)[0m
[0;33mchanged: [ubuntu2210] => (item=/usr/local/sbin/scdrmd)[0m
[0;33mchanged: [ubuntu2204] => (item=/usr/local/sbin/adminstop-auto)[0m
[0;33mchanged: [ubuntu2210] => (item=/usr/local/sbin/adminstart1)[0m
[0;33mchanged: [ubuntu2204] => (item=/usr/local/sbin/scdrm-install)[0m
[0;33mchanged: [rhel9] => (item=/usr/local/sbin/scdrm-gitcron)[0m
[0;33mchanged: [ubuntu2210] => (item=/usr/local/sbin/adminstop)[0m
[0;33mchanged: [ubuntu2204] => (item=/usr/local/sbin/scdrm-slow)[0m
[0;33mchanged: [ubuntu2210] => (item=/usr/local/sbin/adminstart-auto)[0m
[0;33mchanged: [rhel9] => (item=/usr/local/sbin/scdrm-service-restart)[0m
[0;33mchanged: [ubuntu2204] => (item=/usr/local/sbin/scdrm-fast)[0m
[0;33mchanged: [ubuntu2210] => (item=/usr/local/sbin/adminstop-auto)[0m
[0;33mchanged: [ubuntu2204] => (item=/usr/local/sbin/scdrm-gitcron)[0m
[0;33mchanged: [ubuntu2210] => (item=/usr/local/sbin/scdrm-install)[0m
[0;33mchanged: [rhel9] => (item=/usr/local/sbin/scdrm-commit-hostvars)[0m
[0;33mchanged: [ubuntu2204] => (item=/usr/local/sbin/scdrm-service-restart)[0m
[0;33mchanged: [ubuntu2210] => (item=/usr/local/sbin/scdrm-slow)[0m
[0;33mchanged: [ubuntu2204] => (item=/usr/local/sbin/scdrm-commit-hostvars)[0m
[0;33mchanged: [rhel9] => (item=/usr/local/sbin/scdrm-paranoid)[0m
[0;33mchanged: [ubuntu2210] => (item=/usr/local/sbin/scdrm-fast)[0m
[0;33mchanged: [ubuntu2204] => (item=/usr/local/sbin/scdrm-paranoid)[0m
[0;33mchanged: [ubuntu2210] => (item=/usr/local/sbin/scdrm-gitcron)[0m
[0;33mchanged: [ubuntu2204] => (item=/usr/local/sbin/route-guard)[0m
[0;33mchanged: [rhel9] => (item=/usr/local/sbin/route-guard)[0m
[0;33mchanged: [ubuntu2210] => (item=/usr/local/sbin/scdrm-service-restart)[0m
[0;33mchanged: [ubuntu2204] => (item=/usr/local/sbin/bash-guard)[0m
[0;33mchanged: [ubuntu2210] => (item=/usr/local/sbin/scdrm-commit-hostvars)[0m
[0;33mchanged: [ubuntu2204] => (item=/usr/local/sbin/aide-auto-check)[0m
[0;33mchanged: [rhel9] => (item=/usr/local/sbin/bash-guard)[0m
[0;33mchanged: [ubuntu2210] => (item=/usr/local/sbin/scdrm-paranoid)[0m
[0;33mchanged: [ubuntu2210] => (item=/usr/local/sbin/route-guard)[0m
[0;33mchanged: [rhel9] => (item=/usr/local/sbin/aide-auto-check)[0m
[0;33mchanged: [ubuntu2210] => (item=/usr/local/sbin/bash-guard)[0m
[0;33mchanged: [ubuntu2210] => (item=/usr/local/sbin/aide-auto-check)[0m

TASK [scdrm : Prepare directories EL] ******************************************
[0;36mskipping: [debian10] => (item=/etc) [0m
[0;36mskipping: [debian10] => (item=/usr/lib/systemd) [0m
[0;36mskipping: [debian10] => (item=/usr/lib64/security) [0m
[0;36mskipping: [debian11] => (item=/etc) [0m
[0;36mskipping: [debian11] => (item=/usr/lib/systemd) [0m
[0;36mskipping: [debian11] => (item=/usr/lib64/security) [0m
[0;36mskipping: [ubuntu2204] => (item=/etc) [0m
[0;36mskipping: [ubuntu2204] => (item=/usr/lib/systemd) [0m
[0;36mskipping: [ubuntu2204] => (item=/usr/lib64/security) [0m
[0;36mskipping: [ubuntu2210] => (item=/etc) [0m
[0;36mskipping: [ubuntu2210] => (item=/usr/lib/systemd) [0m
[0;36mskipping: [ubuntu2210] => (item=/usr/lib64/security) [0m
[0;33mchanged: [rhel7] => (item=/etc)[0m
[0;33mchanged: [rhel8] => (item=/etc)[0m
[0;33mchanged: [rhel9] => (item=/etc)[0m
[0;33mchanged: [rhel7] => (item=/usr/lib/systemd)[0m
[0;33mchanged: [rhel8] => (item=/usr/lib/systemd)[0m
[0;33mchanged: [rhel7] => (item=/usr/lib64/security)[0m
[0;33mchanged: [rhel9] => (item=/usr/lib/systemd)[0m
[0;33mchanged: [rhel8] => (item=/usr/lib64/security)[0m
[0;33mchanged: [rhel9] => (item=/usr/lib64/security)[0m

TASK [scdrm : Prepare directories Deb] *****************************************
[0;36mskipping: [rhel7] => (item=/etc) [0m
[0;36mskipping: [rhel7] => (item=/usr/lib/systemd) [0m
[0;36mskipping: [rhel7] => (item=/lib/x86_64-linux-gnu/security) [0m
[0;36mskipping: [rhel8] => (item=/etc) [0m
[0;36mskipping: [rhel8] => (item=/usr/lib/systemd) [0m
[0;36mskipping: [rhel8] => (item=/lib/x86_64-linux-gnu/security) [0m
[0;36mskipping: [rhel9] => (item=/etc) [0m
[0;36mskipping: [rhel9] => (item=/usr/lib/systemd) [0m
[0;36mskipping: [rhel9] => (item=/lib/x86_64-linux-gnu/security) [0m
[0;33mchanged: [debian10] => (item=/etc)[0m
[0;33mchanged: [debian11] => (item=/etc)[0m
[0;33mchanged: [ubuntu2204] => (item=/etc)[0m
[0;33mchanged: [ubuntu2210] => (item=/etc)[0m
[0;33mchanged: [debian10] => (item=/usr/lib/systemd)[0m
[0;33mchanged: [debian11] => (item=/usr/lib/systemd)[0m
[0;33mchanged: [ubuntu2204] => (item=/usr/lib/systemd)[0m
[0;33mchanged: [ubuntu2210] => (item=/usr/lib/systemd)[0m
[0;33mchanged: [debian10] => (item=/lib/x86_64-linux-gnu/security)[0m
[0;33mchanged: [debian11] => (item=/lib/x86_64-linux-gnu/security)[0m
[0;33mchanged: [ubuntu2204] => (item=/lib/x86_64-linux-gnu/security)[0m
[0;33mchanged: [ubuntu2210] => (item=/lib/x86_64-linux-gnu/security)[0m

TASK [scdrm : Remove .git EL] **************************************************
[0;36mskipping: [debian10] => (item=/etc) [0m
[0;36mskipping: [debian10] => (item=/usr/lib/systemd) [0m
[0;36mskipping: [debian10] => (item=/usr/lib64/security) [0m
[0;36mskipping: [debian11] => (item=/etc) [0m
[0;36mskipping: [debian11] => (item=/usr/lib/systemd) [0m
[0;36mskipping: [debian11] => (item=/usr/lib64/security) [0m
[0;36mskipping: [ubuntu2204] => (item=/etc) [0m
[0;36mskipping: [ubuntu2204] => (item=/usr/lib/systemd) [0m
[0;36mskipping: [ubuntu2204] => (item=/usr/lib64/security) [0m
[0;36mskipping: [ubuntu2210] => (item=/etc) [0m
[0;36mskipping: [ubuntu2210] => (item=/usr/lib/systemd) [0m
[0;36mskipping: [ubuntu2210] => (item=/usr/lib64/security) [0m
[0;33mchanged: [rhel7] => (item=/etc)[0m
[0;33mchanged: [rhel8] => (item=/etc)[0m
[0;33mchanged: [rhel9] => (item=/etc)[0m
[0;33mchanged: [rhel7] => (item=/usr/lib/systemd)[0m
[0;33mchanged: [rhel8] => (item=/usr/lib/systemd)[0m
[0;33mchanged: [rhel9] => (item=/usr/lib/systemd)[0m
[0;33mchanged: [rhel7] => (item=/usr/lib64/security)[0m
[0;33mchanged: [rhel8] => (item=/usr/lib64/security)[0m
[0;33mchanged: [rhel9] => (item=/usr/lib64/security)[0m

TASK [scdrm : Remove .gitignore EL] ********************************************
[0;36mskipping: [debian10] => (item=/etc) [0m
[0;36mskipping: [debian10] => (item=/usr/lib/systemd) [0m
[0;36mskipping: [debian10] => (item=/usr/lib64/security) [0m
[0;36mskipping: [debian11] => (item=/etc) [0m
[0;36mskipping: [debian11] => (item=/usr/lib/systemd) [0m
[0;36mskipping: [debian11] => (item=/usr/lib64/security) [0m
[0;36mskipping: [ubuntu2204] => (item=/etc) [0m
[0;36mskipping: [ubuntu2204] => (item=/usr/lib/systemd) [0m
[0;36mskipping: [ubuntu2204] => (item=/usr/lib64/security) [0m
[0;36mskipping: [ubuntu2210] => (item=/etc) [0m
[0;36mskipping: [ubuntu2210] => (item=/usr/lib/systemd) [0m
[0;36mskipping: [ubuntu2210] => (item=/usr/lib64/security) [0m
[0;33mchanged: [rhel7] => (item=/etc)[0m
[0;33mchanged: [rhel8] => (item=/etc)[0m
[0;33mchanged: [rhel9] => (item=/etc)[0m
[0;33mchanged: [rhel7] => (item=/usr/lib/systemd)[0m
[0;33mchanged: [rhel8] => (item=/usr/lib/systemd)[0m
[0;33mchanged: [rhel7] => (item=/usr/lib64/security)[0m
[0;33mchanged: [rhel9] => (item=/usr/lib/systemd)[0m
[0;33mchanged: [rhel8] => (item=/usr/lib64/security)[0m
[0;33mchanged: [rhel9] => (item=/usr/lib64/security)[0m

TASK [scdrm : Remove .git Deb] *************************************************
[0;36mskipping: [rhel7] => (item=/etc) [0m
[0;36mskipping: [rhel7] => (item=/usr/lib/systemd) [0m
[0;36mskipping: [rhel7] => (item=/lib/x86_64-linux-gnu/security) [0m
[0;36mskipping: [rhel8] => (item=/etc) [0m
[0;36mskipping: [rhel8] => (item=/usr/lib/systemd) [0m
[0;36mskipping: [rhel8] => (item=/lib/x86_64-linux-gnu/security) [0m
[0;36mskipping: [rhel9] => (item=/etc) [0m
[0;36mskipping: [rhel9] => (item=/usr/lib/systemd) [0m
[0;36mskipping: [rhel9] => (item=/lib/x86_64-linux-gnu/security) [0m
[0;33mchanged: [debian10] => (item=/etc)[0m
[0;33mchanged: [debian11] => (item=/etc)[0m
[0;33mchanged: [ubuntu2204] => (item=/etc)[0m
[0;33mchanged: [ubuntu2210] => (item=/etc)[0m
[0;33mchanged: [debian10] => (item=/usr/lib/systemd)[0m
[0;33mchanged: [debian11] => (item=/usr/lib/systemd)[0m
[0;33mchanged: [ubuntu2204] => (item=/usr/lib/systemd)[0m
[0;33mchanged: [ubuntu2210] => (item=/usr/lib/systemd)[0m
[0;33mchanged: [debian10] => (item=/lib/x86_64-linux-gnu/security)[0m
[0;33mchanged: [debian11] => (item=/lib/x86_64-linux-gnu/security)[0m
[0;33mchanged: [ubuntu2204] => (item=/lib/x86_64-linux-gnu/security)[0m
[0;33mchanged: [ubuntu2210] => (item=/lib/x86_64-linux-gnu/security)[0m

TASK [scdrm : Remove .gitignore Deb] *******************************************
[0;36mskipping: [rhel7] => (item=/etc) [0m
[0;36mskipping: [rhel7] => (item=/usr/lib/systemd) [0m
[0;36mskipping: [rhel7] => (item=/lib/x86_64-linux-gnu/security) [0m
[0;36mskipping: [rhel8] => (item=/etc) [0m
[0;36mskipping: [rhel8] => (item=/usr/lib/systemd) [0m
[0;36mskipping: [rhel8] => (item=/lib/x86_64-linux-gnu/security) [0m
[0;36mskipping: [rhel9] => (item=/etc) [0m
[0;36mskipping: [rhel9] => (item=/usr/lib/systemd) [0m
[0;36mskipping: [rhel9] => (item=/lib/x86_64-linux-gnu/security) [0m
[0;33mchanged: [debian10] => (item=/etc)[0m
[0;33mchanged: [debian11] => (item=/etc)[0m
[0;33mchanged: [ubuntu2204] => (item=/etc)[0m
[0;33mchanged: [ubuntu2210] => (item=/etc)[0m
[0;33mchanged: [debian10] => (item=/usr/lib/systemd)[0m
[0;33mchanged: [debian11] => (item=/usr/lib/systemd)[0m
[0;33mchanged: [ubuntu2204] => (item=/usr/lib/systemd)[0m
[0;33mchanged: [ubuntu2210] => (item=/usr/lib/systemd)[0m
[0;33mchanged: [debian10] => (item=/lib/x86_64-linux-gnu/security)[0m
[0;33mchanged: [debian11] => (item=/lib/x86_64-linux-gnu/security)[0m
[0;33mchanged: [ubuntu2204] => (item=/lib/x86_64-linux-gnu/security)[0m
[0;33mchanged: [ubuntu2210] => (item=/lib/x86_64-linux-gnu/security)[0m

TASK [scdrm : Uninstall SCDRM] *************************************************
[0;33mchanged: [debian10] => (item=/scdrm)[0m
[0;33mchanged: [debian11] => (item=/scdrm)[0m
[0;33mchanged: [rhel7] => (item=/scdrm)[0m
[0;33mchanged: [rhel8] => (item=/scdrm)[0m
[0;32mok: [debian11] => (item=/etc/motd.d/scdrm)[0m
[0;33mchanged: [rhel9] => (item=/scdrm)[0m
[0;32mok: [debian10] => (item=/etc/motd.d/scdrm)[0m
[0;32mok: [rhel7] => (item=/etc/motd.d/scdrm)[0m
[0;33mchanged: [debian11] => (item=/etc/scdrm)[0m
[0;33mchanged: [debian10] => (item=/etc/scdrm)[0m
[0;33mchanged: [rhel8] => (item=/etc/motd.d/scdrm)[0m
[0;33mchanged: [rhel7] => (item=/etc/scdrm)[0m
[0;32mok: [debian10] => (item=/etc/aide.conf)[0m
[0;32mok: [debian11] => (item=/etc/aide.conf)[0m
[0;33mchanged: [rhel9] => (item=/etc/motd.d/scdrm)[0m
[0;33mchanged: [debian10] => (item=/etc/aide/aide.conf.d/98_aide_scdrm)[0m
[0;33mchanged: [rhel8] => (item=/etc/scdrm)[0m
[0;33mchanged: [debian11] => (item=/etc/aide/aide.conf.d/98_aide_scdrm)[0m
[0;33mchanged: [rhel7] => (item=/etc/aide.conf)[0m
[0;33mchanged: [debian10] => (item=/var/log/scdrm)[0m
[0;33mchanged: [debian11] => (item=/var/log/scdrm)[0m
[0;32mok: [rhel7] => (item=/etc/aide/aide.conf.d/98_aide_scdrm)[0m
[0;33mchanged: [rhel9] => (item=/etc/scdrm)[0m
[0;33mchanged: [debian10] => (item=/var/log/aide)[0m
[0;33mchanged: [debian11] => (item=/var/log/aide)[0m
[0;33mchanged: [rhel8] => (item=/etc/aide.conf)[0m
[0;33mchanged: [debian10] => (item=/etc/logrotate.d/scdrm)[0m
[0;33mchanged: [rhel7] => (item=/var/log/scdrm)[0m
[0;33mchanged: [debian11] => (item=/etc/logrotate.d/scdrm)[0m
[0;33mchanged: [debian10] => (item=/etc/systemd/system/scdrm.service)[0m
[0;33mchanged: [rhel9] => (item=/etc/aide.conf)[0m
[0;33mchanged: [rhel7] => (item=/var/log/aide)[0m
[0;33mchanged: [debian11] => (item=/etc/systemd/system/scdrm.service)[0m
[0;32mok: [rhel8] => (item=/etc/aide/aide.conf.d/98_aide_scdrm)[0m
[0;33mchanged: [debian10] => (item=/etc/systemd/system/scdrm.service.wants)[0m
[0;33mchanged: [debian11] => (item=/etc/systemd/system/scdrm.service.wants)[0m
[0;33mchanged: [rhel7] => (item=/etc/logrotate.d/scdrm)[0m
[0;32mok: [debian10] => (item=/etc/systemd/system/timers.target.wants/aide-auto-check.timer)[0m
[0;32mok: [rhel9] => (item=/etc/aide/aide.conf.d/98_aide_scdrm)[0m
[0;32mok: [debian11] => (item=/etc/systemd/system/timers.target.wants/aide-auto-check.timer)[0m
[0;33mchanged: [rhel7] => (item=/etc/systemd/system/scdrm.service)[0m
[0;33mchanged: [debian10] => (item=/etc/systemd/system/timers.target.wants/aide-check.timer)[0m
[0;33mchanged: [rhel8] => (item=/var/log/scdrm)[0m
[0;33mchanged: [debian11] => (item=/etc/systemd/system/timers.target.wants/aide-check.timer)[0m
[0;33mchanged: [debian10] => (item=/etc/systemd/system/timers.target.wants/scdrm-slow-check.timer)[0m
[0;33mchanged: [rhel7] => (item=/etc/systemd/system/scdrm.service.wants)[0m
[0;33mchanged: [rhel9] => (item=/var/log/scdrm)[0m
[0;33mchanged: [debian11] => (item=/etc/systemd/system/timers.target.wants/scdrm-slow-check.timer)[0m
[0;33mchanged: [debian10] => (item=/etc/systemd/system/scdrm-slow-check.service)[0m
[0;33mchanged: [rhel8] => (item=/var/log/aide)[0m
[0;32mok: [rhel7] => (item=/etc/systemd/system/timers.target.wants/aide-auto-check.timer)[0m
[0;33mchanged: [debian11] => (item=/etc/systemd/system/scdrm-slow-check.service)[0m
[0;33mchanged: [debian10] => (item=/etc/systemd/system/scdrm-slow-check.timer)[0m
[0;33mchanged: [rhel9] => (item=/var/log/aide)[0m
[0;33mchanged: [rhel7] => (item=/etc/systemd/system/timers.target.wants/aide-check.timer)[0m
[0;33mchanged: [debian11] => (item=/etc/systemd/system/scdrm-slow-check.timer)[0m
[0;33mchanged: [debian10] => (item=/etc/systemd/system/aide-check.timer)[0m
[0;33mchanged: [rhel8] => (item=/etc/logrotate.d/scdrm)[0m
[0;33mchanged: [debian10] => (item=/etc/systemd/system/aide-check.service)[0m
[0;33mchanged: [debian11] => (item=/etc/systemd/system/aide-check.timer)[0m
[0;33mchanged: [rhel7] => (item=/etc/systemd/system/timers.target.wants/scdrm-slow-check.timer)[0m
[0;33mchanged: [rhel9] => (item=/etc/logrotate.d/scdrm)[0m
[0;33mchanged: [debian10] => (item=/etc/systemd/system/aide-auto-check.service)[0m
[0;33mchanged: [rhel8] => (item=/etc/systemd/system/scdrm.service)[0m
[0;33mchanged: [debian11] => (item=/etc/systemd/system/aide-check.service)[0m
[0;33mchanged: [rhel7] => (item=/etc/systemd/system/scdrm-slow-check.service)[0m
[0;33mchanged: [debian10] => (item=/etc/systemd/system/aide-auto-check.timer)[0m
[0;33mchanged: [debian11] => (item=/etc/systemd/system/aide-auto-check.service)[0m
[0;33mchanged: [rhel8] => (item=/etc/systemd/system/scdrm.service.wants)[0m
[0;33mchanged: [debian10] => (item=/usr/local/bin/adminstart)[0m
[0;33mchanged: [rhel9] => (item=/etc/systemd/system/scdrm.service)[0m
[0;33mchanged: [rhel7] => (item=/etc/systemd/system/scdrm-slow-check.timer)[0m
[0;33mchanged: [debian11] => (item=/etc/systemd/system/aide-auto-check.timer)[0m
[0;33mchanged: [debian10] => (item=/usr/local/sbin/scdrmd)[0m
[0;33mchanged: [debian11] => (item=/usr/local/bin/adminstart)[0m
[0;32mok: [rhel8] => (item=/etc/systemd/system/timers.target.wants/aide-auto-check.timer)[0m
[0;33mchanged: [rhel7] => (item=/etc/systemd/system/aide-check.timer)[0m
[0;33mchanged: [debian10] => (item=/usr/local/sbin/adminstart1)[0m
[0;33mchanged: [rhel9] => (item=/etc/systemd/system/scdrm.service.wants)[0m
[0;33mchanged: [debian11] => (item=/usr/local/sbin/scdrmd)[0m
[0;33mchanged: [rhel7] => (item=/etc/systemd/system/aide-check.service)[0m
[0;33mchanged: [debian10] => (item=/usr/local/sbin/adminstop)[0m
[0;33mchanged: [rhel8] => (item=/etc/systemd/system/timers.target.wants/aide-check.timer)[0m
[0;33mchanged: [debian11] => (item=/usr/local/sbin/adminstart1)[0m
[0;33mchanged: [debian10] => (item=/usr/local/sbin/adminstart-auto)[0m
[0;32mok: [rhel9] => (item=/etc/systemd/system/timers.target.wants/aide-auto-check.timer)[0m
[0;33mchanged: [rhel7] => (item=/etc/systemd/system/aide-auto-check.service)[0m
[0;33mchanged: [debian11] => (item=/usr/local/sbin/adminstop)[0m
[0;33mchanged: [debian10] => (item=/usr/local/sbin/adminstop-auto)[0m
[0;33mchanged: [rhel8] => (item=/etc/systemd/system/timers.target.wants/scdrm-slow-check.timer)[0m
[0;33mchanged: [debian11] => (item=/usr/local/sbin/adminstart-auto)[0m
[0;33mchanged: [rhel7] => (item=/etc/systemd/system/aide-auto-check.timer)[0m
[0;32mok: [debian10] => (item=/usr/local/sbin/scdrm-install)[0m
[0;33mchanged: [rhel9] => (item=/etc/systemd/system/timers.target.wants/aide-check.timer)[0m
[0;33mchanged: [debian11] => (item=/usr/local/sbin/adminstop-auto)[0m
[0;33mchanged: [rhel7] => (item=/usr/local/bin/adminstart)[0m
[0;33mchanged: [rhel8] => (item=/etc/systemd/system/scdrm-slow-check.service)[0m
[0;33mchanged: [debian10] => (item=/usr/local/sbin/scdrm-slow)[0m
[0;32mok: [debian11] => (item=/usr/local/sbin/scdrm-install)[0m
[0;33mchanged: [debian10] => (item=/usr/local/sbin/scdrm-fast)[0m
[0;33mchanged: [rhel7] => (item=/usr/local/sbin/scdrmd)[0m
[0;33mchanged: [rhel9] => (item=/etc/systemd/system/timers.target.wants/scdrm-slow-check.timer)[0m
[0;33mchanged: [debian11] => (item=/usr/local/sbin/scdrm-slow)[0m
[0;33mchanged: [rhel8] => (item=/etc/systemd/system/scdrm-slow-check.timer)[0m
[0;33mchanged: [debian10] => (item=/usr/local/sbin/scdrm-gitcron)[0m
[0;33mchanged: [debian11] => (item=/usr/local/sbin/scdrm-fast)[0m
[0;33mchanged: [rhel7] => (item=/usr/local/sbin/adminstart1)[0m
[0;33mchanged: [debian10] => (item=/usr/local/sbin/scdrm-service-restart)[0m
[0;33mchanged: [rhel8] => (item=/etc/systemd/system/aide-check.timer)[0m
[0;33mchanged: [rhel9] => (item=/etc/systemd/system/scdrm-slow-check.service)[0m
[0;33mchanged: [debian11] => (item=/usr/local/sbin/scdrm-gitcron)[0m
[0;33mchanged: [debian10] => (item=/usr/local/sbin/scdrm-commit-hostvars)[0m
[0;33mchanged: [rhel7] => (item=/usr/local/sbin/adminstop)[0m
[0;33mchanged: [debian10] => (item=/usr/local/sbin/scdrm-paranoid)[0m
[0;33mchanged: [debian11] => (item=/usr/local/sbin/scdrm-service-restart)[0m
[0;33mchanged: [rhel8] => (item=/etc/systemd/system/aide-check.service)[0m
[0;33mchanged: [rhel7] => (item=/usr/local/sbin/adminstart-auto)[0m
[0;33mchanged: [debian10] => (item=/usr/local/sbin/route-guard)[0m
[0;33mchanged: [rhel9] => (item=/etc/systemd/system/scdrm-slow-check.timer)[0m
[0;33mchanged: [debian11] => (item=/usr/local/sbin/scdrm-commit-hostvars)[0m
[0;33mchanged: [debian10] => (item=/usr/local/sbin/bash-guard)[0m
[0;33mchanged: [rhel7] => (item=/usr/local/sbin/adminstop-auto)[0m
[0;33mchanged: [rhel8] => (item=/etc/systemd/system/aide-auto-check.service)[0m
[0;33mchanged: [debian11] => (item=/usr/local/sbin/scdrm-paranoid)[0m
[0;33mchanged: [debian10] => (item=/usr/local/sbin/aide-auto-check)[0m
[0;32mok: [rhel7] => (item=/usr/local/sbin/scdrm-install)[0m
[0;33mchanged: [rhel9] => (item=/etc/systemd/system/aide-check.timer)[0m
[0;33mchanged: [debian11] => (item=/usr/local/sbin/route-guard)[0m
[0;33mchanged: [ubuntu2204] => (item=/scdrm)[0m
[0;33mchanged: [rhel8] => (item=/etc/systemd/system/aide-auto-check.timer)[0m
[0;33mchanged: [rhel7] => (item=/usr/local/sbin/scdrm-slow)[0m
[0;33mchanged: [debian11] => (item=/usr/local/sbin/bash-guard)[0m
[0;32mok: [ubuntu2204] => (item=/etc/motd.d/scdrm)[0m
[0;33mchanged: [rhel9] => (item=/etc/systemd/system/aide-check.service)[0m
[0;33mchanged: [rhel8] => (item=/usr/local/bin/adminstart)[0m
[0;33mchanged: [debian11] => (item=/usr/local/sbin/aide-auto-check)[0m
[0;33mchanged: [rhel7] => (item=/usr/local/sbin/scdrm-fast)[0m
[0;33mchanged: [ubuntu2204] => (item=/etc/scdrm)[0m
[0;33mchanged: [ubuntu2210] => (item=/scdrm)[0m
[0;32mok: [ubuntu2204] => (item=/etc/aide.conf)[0m
[0;33mchanged: [rhel8] => (item=/usr/local/sbin/scdrmd)[0m
[0;33mchanged: [rhel7] => (item=/usr/local/sbin/scdrm-gitcron)[0m
[0;33mchanged: [rhel9] => (item=/etc/systemd/system/aide-auto-check.service)[0m
[0;32mok: [ubuntu2210] => (item=/etc/motd.d/scdrm)[0m
[0;33mchanged: [ubuntu2204] => (item=/etc/aide/aide.conf.d/98_aide_scdrm)[0m
[0;33mchanged: [rhel7] => (item=/usr/local/sbin/scdrm-service-restart)[0m
[0;33mchanged: [rhel8] => (item=/usr/local/sbin/adminstart1)[0m
[0;33mchanged: [ubuntu2210] => (item=/etc/scdrm)[0m
[0;33mchanged: [ubuntu2204] => (item=/var/log/scdrm)[0m
[0;33mchanged: [rhel9] => (item=/etc/systemd/system/aide-auto-check.timer)[0m
[0;32mok: [ubuntu2210] => (item=/etc/aide.conf)[0m
[0;33mchanged: [rhel7] => (item=/usr/local/sbin/scdrm-commit-hostvars)[0m
[0;33mchanged: [ubuntu2204] => (item=/var/log/aide)[0m
[0;33mchanged: [rhel8] => (item=/usr/local/sbin/adminstop)[0m
[0;33mchanged: [ubuntu2210] => (item=/etc/aide/aide.conf.d/98_aide_scdrm)[0m
[0;33mchanged: [ubuntu2204] => (item=/etc/logrotate.d/scdrm)[0m
[0;33mchanged: [rhel9] => (item=/usr/local/bin/adminstart)[0m
[0;33mchanged: [rhel7] => (item=/usr/local/sbin/scdrm-paranoid)[0m
[0;33mchanged: [ubuntu2210] => (item=/var/log/scdrm)[0m
[0;33mchanged: [rhel8] => (item=/usr/local/sbin/adminstart-auto)[0m
[0;33mchanged: [ubuntu2204] => (item=/etc/systemd/system/scdrm.service)[0m
[0;33mchanged: [rhel7] => (item=/usr/local/sbin/route-guard)[0m
[0;33mchanged: [ubuntu2210] => (item=/var/log/aide)[0m
[0;33mchanged: [ubuntu2204] => (item=/etc/systemd/system/scdrm.service.wants)[0m
[0;33mchanged: [rhel9] => (item=/usr/local/sbin/scdrmd)[0m
[0;33mchanged: [rhel8] => (item=/usr/local/sbin/adminstop-auto)[0m
[0;33mchanged: [rhel7] => (item=/usr/local/sbin/bash-guard)[0m
[0;33mchanged: [ubuntu2210] => (item=/etc/logrotate.d/scdrm)[0m
[0;32mok: [ubuntu2204] => (item=/etc/systemd/system/timers.target.wants/aide-auto-check.timer)[0m
[0;33mchanged: [rhel7] => (item=/usr/local/sbin/aide-auto-check)[0m
[0;32mok: [rhel8] => (item=/usr/local/sbin/scdrm-install)[0m
[0;33mchanged: [ubuntu2210] => (item=/etc/systemd/system/scdrm.service)[0m
[0;33mchanged: [rhel9] => (item=/usr/local/sbin/adminstart1)[0m
[0;33mchanged: [ubuntu2204] => (item=/etc/systemd/system/timers.target.wants/aide-check.timer)[0m
[0;33mchanged: [ubuntu2210] => (item=/etc/systemd/system/scdrm.service.wants)[0m
[0;33mchanged: [ubuntu2204] => (item=/etc/systemd/system/timers.target.wants/scdrm-slow-check.timer)[0m
[0;33mchanged: [rhel8] => (item=/usr/local/sbin/scdrm-slow)[0m
[0;32mok: [ubuntu2210] => (item=/etc/systemd/system/timers.target.wants/aide-auto-check.timer)[0m
[0;33mchanged: [rhel9] => (item=/usr/local/sbin/adminstop)[0m
[0;33mchanged: [ubuntu2204] => (item=/etc/systemd/system/scdrm-slow-check.service)[0m
[0;33mchanged: [ubuntu2210] => (item=/etc/systemd/system/timers.target.wants/aide-check.timer)[0m
[0;33mchanged: [rhel8] => (item=/usr/local/sbin/scdrm-fast)[0m
[0;33mchanged: [ubuntu2204] => (item=/etc/systemd/system/scdrm-slow-check.timer)[0m
[0;33mchanged: [rhel9] => (item=/usr/local/sbin/adminstart-auto)[0m
[0;33mchanged: [ubuntu2210] => (item=/etc/systemd/system/timers.target.wants/scdrm-slow-check.timer)[0m
[0;33mchanged: [ubuntu2204] => (item=/etc/systemd/system/aide-check.timer)[0m
[0;33mchanged: [rhel8] => (item=/usr/local/sbin/scdrm-gitcron)[0m
[0;33mchanged: [ubuntu2210] => (item=/etc/systemd/system/scdrm-slow-check.service)[0m
[0;33mchanged: [ubuntu2204] => (item=/etc/systemd/system/aide-check.service)[0m
[0;33mchanged: [rhel9] => (item=/usr/local/sbin/adminstop-auto)[0m
[0;33mchanged: [ubuntu2210] => (item=/etc/systemd/system/scdrm-slow-check.timer)[0m
[0;33mchanged: [ubuntu2204] => (item=/etc/systemd/system/aide-auto-check.service)[0m
[0;33mchanged: [rhel8] => (item=/usr/local/sbin/scdrm-service-restart)[0m
[0;33mchanged: [ubuntu2210] => (item=/etc/systemd/system/aide-check.timer)[0m
[0;33mchanged: [ubuntu2204] => (item=/etc/systemd/system/aide-auto-check.timer)[0m
[0;32mok: [rhel9] => (item=/usr/local/sbin/scdrm-install)[0m
[0;33mchanged: [rhel8] => (item=/usr/local/sbin/scdrm-commit-hostvars)[0m
[0;33mchanged: [ubuntu2210] => (item=/etc/systemd/system/aide-check.service)[0m
[0;33mchanged: [ubuntu2204] => (item=/usr/local/bin/adminstart)[0m
[0;33mchanged: [ubuntu2210] => (item=/etc/systemd/system/aide-auto-check.service)[0m
[0;33mchanged: [ubuntu2204] => (item=/usr/local/sbin/scdrmd)[0m
[0;33mchanged: [rhel8] => (item=/usr/local/sbin/scdrm-paranoid)[0m
[0;33mchanged: [rhel9] => (item=/usr/local/sbin/scdrm-slow)[0m
[0;33mchanged: [ubuntu2210] => (item=/etc/systemd/system/aide-auto-check.timer)[0m
[0;33mchanged: [ubuntu2204] => (item=/usr/local/sbin/adminstart1)[0m
[0;33mchanged: [rhel8] => (item=/usr/local/sbin/route-guard)[0m
[0;33mchanged: [ubuntu2210] => (item=/usr/local/bin/adminstart)[0m
[0;33mchanged: [ubuntu2204] => (item=/usr/local/sbin/adminstop)[0m
[0;33mchanged: [rhel9] => (item=/usr/local/sbin/scdrm-fast)[0m
[0;33mchanged: [ubuntu2210] => (item=/usr/local/sbin/scdrmd)[0m
[0;33mchanged: [ubuntu2204] => (item=/usr/local/sbin/adminstart-auto)[0m
[0;33mchanged: [rhel8] => (item=/usr/local/sbin/bash-guard)[0m
[0;33mchanged: [ubuntu2210] => (item=/usr/local/sbin/adminstart1)[0m
[0;33mchanged: [ubuntu2204] => (item=/usr/local/sbin/adminstop-auto)[0m
[0;33mchanged: [rhel9] => (item=/usr/local/sbin/scdrm-gitcron)[0m
[0;33mchanged: [rhel8] => (item=/usr/local/sbin/aide-auto-check)[0m
[0;33mchanged: [ubuntu2210] => (item=/usr/local/sbin/adminstop)[0m
[0;32mok: [ubuntu2204] => (item=/usr/local/sbin/scdrm-install)[0m
[0;33mchanged: [ubuntu2210] => (item=/usr/local/sbin/adminstart-auto)[0m
[0;33mchanged: [ubuntu2204] => (item=/usr/local/sbin/scdrm-slow)[0m
[0;33mchanged: [rhel9] => (item=/usr/local/sbin/scdrm-service-restart)[0m
[0;33mchanged: [ubuntu2204] => (item=/usr/local/sbin/scdrm-fast)[0m
[0;33mchanged: [ubuntu2210] => (item=/usr/local/sbin/adminstop-auto)[0m
[0;33mchanged: [ubuntu2204] => (item=/usr/local/sbin/scdrm-gitcron)[0m
[0;32mok: [ubuntu2210] => (item=/usr/local/sbin/scdrm-install)[0m
[0;33mchanged: [rhel9] => (item=/usr/local/sbin/scdrm-commit-hostvars)[0m
[0;33mchanged: [ubuntu2204] => (item=/usr/local/sbin/scdrm-service-restart)[0m
[0;33mchanged: [ubuntu2210] => (item=/usr/local/sbin/scdrm-slow)[0m
[0;33mchanged: [rhel9] => (item=/usr/local/sbin/scdrm-paranoid)[0m
[0;33mchanged: [ubuntu2204] => (item=/usr/local/sbin/scdrm-commit-hostvars)[0m
[0;33mchanged: [ubuntu2210] => (item=/usr/local/sbin/scdrm-fast)[0m
[0;33mchanged: [ubuntu2204] => (item=/usr/local/sbin/scdrm-paranoid)[0m
[0;33mchanged: [ubuntu2210] => (item=/usr/local/sbin/scdrm-gitcron)[0m
[0;33mchanged: [rhel9] => (item=/usr/local/sbin/route-guard)[0m
[0;33mchanged: [ubuntu2204] => (item=/usr/local/sbin/route-guard)[0m
[0;33mchanged: [ubuntu2210] => (item=/usr/local/sbin/scdrm-service-restart)[0m
[0;33mchanged: [ubuntu2204] => (item=/usr/local/sbin/bash-guard)[0m
[0;33mchanged: [ubuntu2210] => (item=/usr/local/sbin/scdrm-commit-hostvars)[0m
[0;33mchanged: [rhel9] => (item=/usr/local/sbin/bash-guard)[0m
[0;33mchanged: [ubuntu2204] => (item=/usr/local/sbin/aide-auto-check)[0m
[0;33mchanged: [ubuntu2210] => (item=/usr/local/sbin/scdrm-paranoid)[0m
[0;33mchanged: [ubuntu2210] => (item=/usr/local/sbin/route-guard)[0m
[0;33mchanged: [rhel9] => (item=/usr/local/sbin/aide-auto-check)[0m
[0;33mchanged: [ubuntu2210] => (item=/usr/local/sbin/bash-guard)[0m
[0;33mchanged: [ubuntu2210] => (item=/usr/local/sbin/aide-auto-check)[0m

TASK [scdrm : Remove cron job GC] **********************************************
[0;33mchanged: [debian10][0m
[0;33mchanged: [debian11][0m
[0;33mchanged: [rhel7][0m
[0;33mchanged: [rhel8][0m
[0;33mchanged: [rhel9][0m
[0;33mchanged: [ubuntu2204][0m
[0;33mchanged: [ubuntu2210][0m

TASK [scdrm : Remove bash_guard cron] ******************************************
[0;33mchanged: [debian11][0m
[0;33mchanged: [debian10][0m
[0;33mchanged: [rhel7][0m
[0;33mchanged: [rhel8][0m
[0;33mchanged: [rhel9][0m
[0;33mchanged: [ubuntu2204][0m
[0;33mchanged: [ubuntu2210][0m

TASK [scdrm : Remove packages] *************************************************
[0;33mchanged: [rhel7] => (item=aide)[0m
[0;33mchanged: [debian11] => (item=aide)[0m
[0;32mok: [rhel7] => (item=tlog)[0m
[0;33mchanged: [debian10] => (item=aide)[0m
[0;32mok: [debian11] => (item=tlog)[0m
[0;32mok: [debian10] => (item=tlog)[0m
[0;33mchanged: [rhel9] => (item=aide)[0m
[0;33mchanged: [ubuntu2204] => (item=aide)[0m
[0;32mok: [ubuntu2204] => (item=tlog)[0m
[0;33mchanged: [ubuntu2210] => (item=aide)[0m
[0;33mchanged: [rhel8] => (item=aide)[0m
[0;33mchanged: [rhel9] => (item=tlog)[0m
[0;32mok: [ubuntu2210] => (item=tlog)[0m
[0;33mchanged: [rhel8] => (item=tlog)[0m

TASK [scdrm : Reload systemd] **************************************************
[0;32mok: [rhel7][0m
[0;32mok: [debian10][0m
[0;32mok: [debian11][0m
[0;32mok: [rhel9][0m
[0;32mok: [rhel8][0m
[0;32mok: [ubuntu2204][0m
[0;32mok: [ubuntu2210][0m

TASK [scdrm : Update configuration] ********************************************
[0;36mskipping: [rhel7][0m
[0;36mskipping: [rhel8][0m
[0;36mskipping: [rhel9][0m
[0;36mskipping: [debian10][0m
[0;36mskipping: [debian11][0m
[0;36mskipping: [ubuntu2204][0m
[0;36mskipping: [ubuntu2210][0m

TASK [aide : Adminstart] *******************************************************
[0;36mskipping: [rhel7][0m
[0;36mskipping: [rhel8][0m
[0;36mskipping: [rhel9][0m
[0;36mskipping: [debian10][0m
[0;36mskipping: [debian11][0m
[0;36mskipping: [ubuntu2204][0m
[0;36mskipping: [ubuntu2210][0m

TASK [aide : Install and configure AIDE] ***************************************
[0;36mskipping: [rhel7][0m
[0;36mskipping: [rhel8][0m
[0;36mskipping: [rhel9][0m
[0;36mskipping: [debian10][0m
[0;36mskipping: [debian11][0m
[0;36mskipping: [ubuntu2204][0m
[0;36mskipping: [ubuntu2210][0m

TASK [aide : Create log dir if not present] ************************************
[0;36mskipping: [rhel7][0m
[0;36mskipping: [rhel8][0m
[0;36mskipping: [rhel9][0m
[0;36mskipping: [debian10][0m
[0;36mskipping: [debian11][0m
[0;36mskipping: [ubuntu2204][0m
[0;36mskipping: [ubuntu2210][0m

TASK [aide : Check SELinux] ****************************************************
[0;36mskipping: [rhel7][0m
[0;36mskipping: [rhel8][0m
[0;36mskipping: [rhel9][0m
[0;36mskipping: [debian10][0m
[0;36mskipping: [debian11][0m
[0;36mskipping: [ubuntu2204][0m
[0;36mskipping: [ubuntu2210][0m

TASK [aide : Set SELinux fact] *************************************************
[0;36mskipping: [rhel7][0m
[0;36mskipping: [rhel8][0m
[0;36mskipping: [rhel9][0m
[0;36mskipping: [debian10][0m
[0;36mskipping: [debian11][0m
[0;36mskipping: [ubuntu2204][0m
[0;36mskipping: [ubuntu2210][0m

TASK [aide : Set SELinux fact] *************************************************
[0;36mskipping: [rhel7][0m
[0;36mskipping: [rhel8][0m
[0;36mskipping: [rhel9][0m
[0;36mskipping: [debian10][0m
[0;36mskipping: [debian11][0m
[0;36mskipping: [ubuntu2204][0m
[0;36mskipping: [ubuntu2210][0m

TASK [aide : Set SELinux fact] *************************************************
[0;36mskipping: [rhel7][0m
[0;36mskipping: [rhel8][0m
[0;36mskipping: [rhel9][0m
[0;36mskipping: [debian10][0m
[0;36mskipping: [debian11][0m
[0;36mskipping: [ubuntu2204][0m
[0;36mskipping: [ubuntu2210][0m

TASK [aide : Copy RHEL7 aide.conf] *********************************************
[0;36mskipping: [rhel7][0m
[0;36mskipping: [rhel8][0m
[0;36mskipping: [rhel9][0m
[0;36mskipping: [debian10][0m
[0;36mskipping: [debian11][0m
[0;36mskipping: [ubuntu2204][0m
[0;36mskipping: [ubuntu2210][0m

TASK [aide : Copy RHEL8 aide.conf] *********************************************
[0;36mskipping: [rhel7][0m
[0;36mskipping: [rhel8][0m
[0;36mskipping: [rhel9][0m
[0;36mskipping: [debian10][0m
[0;36mskipping: [debian11][0m
[0;36mskipping: [ubuntu2204][0m
[0;36mskipping: [ubuntu2210][0m

TASK [aide : Copy RHEL9 aide.conf] *********************************************
[0;36mskipping: [rhel7][0m
[0;36mskipping: [rhel8][0m
[0;36mskipping: [rhel9][0m
[0;36mskipping: [debian10][0m
[0;36mskipping: [debian11][0m
[0;36mskipping: [ubuntu2204][0m
[0;36mskipping: [ubuntu2210][0m

TASK [aide : Copy Debian/Ubuntu aide.conf] *************************************
[0;36mskipping: [rhel7][0m
[0;36mskipping: [rhel8][0m
[0;36mskipping: [rhel9][0m
[0;36mskipping: [debian10][0m
[0;36mskipping: [debian11][0m
[0;36mskipping: [ubuntu2204][0m
[0;36mskipping: [ubuntu2210][0m

TASK [aide : Copy aide-auto-check] *********************************************
[0;36mskipping: [rhel7][0m
[0;36mskipping: [rhel8][0m
[0;36mskipping: [rhel9][0m
[0;36mskipping: [debian10][0m
[0;36mskipping: [debian11][0m
[0;36mskipping: [ubuntu2204][0m
[0;36mskipping: [ubuntu2210][0m

TASK [aide : AIDE init EL] *****************************************************
[0;36mskipping: [rhel7][0m
[0;36mskipping: [rhel8][0m
[0;36mskipping: [rhel9][0m
[0;36mskipping: [debian10][0m
[0;36mskipping: [debian11][0m
[0;36mskipping: [ubuntu2204][0m
[0;36mskipping: [ubuntu2210][0m

TASK [aide : AIDE init Deb] ****************************************************
[0;36mskipping: [rhel7][0m
[0;36mskipping: [rhel8][0m
[0;36mskipping: [rhel9][0m
[0;36mskipping: [debian10][0m
[0;36mskipping: [debian11][0m
[0;36mskipping: [ubuntu2204][0m
[0;36mskipping: [ubuntu2210][0m

TASK [aide : Setup AIDE check RHEL7] *******************************************
[0;36mskipping: [rhel7][0m
[0;36mskipping: [rhel8][0m
[0;36mskipping: [rhel9][0m
[0;36mskipping: [debian10][0m
[0;36mskipping: [debian11][0m
[0;36mskipping: [ubuntu2204][0m
[0;36mskipping: [ubuntu2210][0m

TASK [aide : Setup AIDE check RHEL89] ******************************************
[0;36mskipping: [rhel7][0m
[0;36mskipping: [rhel8][0m
[0;36mskipping: [rhel9][0m
[0;36mskipping: [debian10][0m
[0;36mskipping: [debian11][0m
[0;36mskipping: [ubuntu2204][0m
[0;36mskipping: [ubuntu2210][0m

TASK [aide : Setup AIDE check Debian] ******************************************
[0;36mskipping: [rhel7][0m
[0;36mskipping: [rhel8][0m
[0;36mskipping: [rhel9][0m
[0;36mskipping: [debian10][0m
[0;36mskipping: [debian11][0m
[0;36mskipping: [ubuntu2204][0m
[0;36mskipping: [ubuntu2210][0m

TASK [aide : Setup AIDE check timer] *******************************************
[0;36mskipping: [rhel7][0m
[0;36mskipping: [rhel8][0m
[0;36mskipping: [rhel9][0m
[0;36mskipping: [debian10][0m
[0;36mskipping: [debian11][0m
[0;36mskipping: [ubuntu2204][0m
[0;36mskipping: [ubuntu2210][0m

TASK [aide : Setup AIDE auto-check] ********************************************
[0;36mskipping: [rhel7][0m
[0;36mskipping: [rhel8][0m
[0;36mskipping: [rhel9][0m
[0;36mskipping: [debian10][0m
[0;36mskipping: [debian11][0m
[0;36mskipping: [ubuntu2204][0m
[0;36mskipping: [ubuntu2210][0m

TASK [aide : Setup AIDE auto-check timer] **************************************
[0;36mskipping: [rhel7][0m
[0;36mskipping: [rhel8][0m
[0;36mskipping: [rhel9][0m
[0;36mskipping: [debian10][0m
[0;36mskipping: [debian11][0m
[0;36mskipping: [ubuntu2204][0m
[0;36mskipping: [ubuntu2210][0m

TASK [aide : Commit AIDE install EL] *******************************************
[0;36mskipping: [rhel7][0m
[0;36mskipping: [rhel8][0m
[0;36mskipping: [rhel9][0m
[0;36mskipping: [debian10][0m
[0;36mskipping: [debian11][0m
[0;36mskipping: [ubuntu2204][0m
[0;36mskipping: [ubuntu2210][0m

TASK [aide : Commit AIDE install Deb] ******************************************
[0;36mskipping: [rhel7][0m
[0;36mskipping: [rhel8][0m
[0;36mskipping: [rhel9][0m
[0;36mskipping: [debian10][0m
[0;36mskipping: [debian11][0m
[0;36mskipping: [ubuntu2204][0m
[0;36mskipping: [ubuntu2210][0m

TASK [aide : Service start] ****************************************************
[0;36mskipping: [rhel7] => (item=aide-check.timer) [0m
[0;36mskipping: [rhel7] => (item=aide-check.service) [0m
[0;36mskipping: [rhel8] => (item=aide-check.timer) [0m
[0;36mskipping: [rhel8] => (item=aide-check.service) [0m
[0;36mskipping: [rhel9] => (item=aide-check.timer) [0m
[0;36mskipping: [rhel9] => (item=aide-check.service) [0m
[0;36mskipping: [debian10] => (item=aide-check.timer) [0m
[0;36mskipping: [debian10] => (item=aide-check.service) [0m
[0;36mskipping: [debian11] => (item=aide-check.timer) [0m
[0;36mskipping: [debian11] => (item=aide-check.service) [0m
[0;36mskipping: [ubuntu2204] => (item=aide-check.timer) [0m
[0;36mskipping: [ubuntu2204] => (item=aide-check.service) [0m
[0;36mskipping: [ubuntu2210] => (item=aide-check.timer) [0m
[0;36mskipping: [ubuntu2210] => (item=aide-check.service) [0m

TASK [aide : Adminstop] ********************************************************
[0;36mskipping: [rhel7][0m
[0;36mskipping: [rhel8][0m
[0;36mskipping: [rhel9][0m
[0;36mskipping: [debian10][0m
[0;36mskipping: [debian11][0m
[0;36mskipping: [ubuntu2204][0m
[0;36mskipping: [ubuntu2210][0m

PLAY RECAP *********************************************************************
[0;33mdebian10[0m                   : [0;32mok=12  [0m [0;33mchanged=8   [0m unreachable=0    failed=0    [0;36mskipped=42  [0m rescued=0    ignored=0   
[0;33mdebian11[0m                   : [0;32mok=12  [0m [0;33mchanged=8   [0m unreachable=0    failed=0    [0;36mskipped=42  [0m rescued=0    ignored=0   
[0;33mrhel7[0m                      : [0;32mok=12  [0m [0;33mchanged=8   [0m unreachable=0    failed=0    [0;36mskipped=42  [0m rescued=0    ignored=0   
[0;33mrhel8[0m                      : [0;32mok=12  [0m [0;33mchanged=8   [0m unreachable=0    failed=0    [0;36mskipped=42  [0m rescued=0    ignored=0   
[0;33mrhel9[0m                      : [0;32mok=12  [0m [0;33mchanged=8   [0m unreachable=0    failed=0    [0;36mskipped=42  [0m rescued=0    ignored=0   
[0;33mubuntu2204[0m                 : [0;32mok=12  [0m [0;33mchanged=8   [0m unreachable=0    failed=0    [0;36mskipped=42  [0m rescued=0    ignored=0   
[0;33mubuntu2210[0m                 : [0;32mok=12  [0m [0;33mchanged=8   [0m unreachable=0    failed=0    [0;36mskipped=42  [0m rescued=0    ignored=0   

